<?xml version="1.0" encoding="UTF-8"?>
<coverage generated="1772251603657" clover="3.2.0">
  <project timestamp="1772251603657" name="All files">
    <metrics statements="339" coveredstatements="199" conditionals="186" coveredconditionals="97" methods="95" coveredmethods="62" elements="620" coveredelements="358" complexity="0" loc="339" ncloc="339" packages="6" files="9" classes="9"/>
    <package name="hooks">
      <metrics statements="21" coveredstatements="21" conditionals="0" coveredconditionals="0" methods="15" coveredmethods="15"/>
      <file name="useSettlementData.ts" path="/Users/user/Desktop/personal/riskmesh/frontend/src/hooks/useSettlementData.ts">
        <metrics statements="21" coveredstatements="21" conditionals="0" coveredconditionals="0" methods="15" coveredmethods="15"/>
        <line num="5" count="18" type="stmt"/>
        <line num="6" count="18" type="stmt"/>
        <line num="7" count="18" type="stmt"/>
        <line num="8" count="18" type="stmt"/>
        <line num="9" count="18" type="stmt"/>
        <line num="11" count="6" type="stmt"/>
        <line num="12" count="8" type="stmt"/>
        <line num="13" count="8" type="stmt"/>
        <line num="15" count="6" type="stmt"/>
        <line num="16" count="6" type="stmt"/>
        <line num="17" count="6" type="stmt"/>
        <line num="19" count="6" type="stmt"/>
        <line num="20" count="6" type="stmt"/>
        <line num="21" count="6" type="stmt"/>
        <line num="22" count="6" type="stmt"/>
        <line num="24" count="6" type="stmt"/>
        <line num="29" count="6" type="stmt"/>
        <line num="30" count="6" type="stmt"/>
        <line num="31" count="6" type="stmt"/>
        <line num="32" count="6" type="stmt"/>
        <line num="35" count="6" type="stmt"/>
      </file>
    </package>
    <package name="i18n">
      <metrics statements="4" coveredstatements="2" conditionals="2" coveredconditionals="2" methods="1" coveredmethods="0"/>
      <file name="index.ts" path="/Users/user/Desktop/personal/riskmesh/frontend/src/i18n/index.ts">
        <metrics statements="4" coveredstatements="2" conditionals="2" coveredconditionals="2" methods="1" coveredmethods="0"/>
        <line num="6" count="3" type="stmt"/>
        <line num="16" count="3" type="stmt"/>
        <line num="17" count="0" type="stmt"/>
        <line num="18" count="0" type="stmt"/>
      </file>
    </package>
    <package name="i18n.locales">
      <metrics statements="2" coveredstatements="2" conditionals="0" coveredconditionals="0" methods="0" coveredmethods="0"/>
      <file name="en.ts" path="/Users/user/Desktop/personal/riskmesh/frontend/src/i18n/locales/en.ts">
        <metrics statements="1" coveredstatements="1" conditionals="0" coveredconditionals="0" methods="0" coveredmethods="0"/>
        <line num="1" count="5" type="stmt"/>
      </file>
      <file name="ko.ts" path="/Users/user/Desktop/personal/riskmesh/frontend/src/i18n/locales/ko.ts">
        <metrics statements="1" coveredstatements="1" conditionals="0" coveredconditionals="0" methods="0" coveredmethods="0"/>
        <line num="1" count="3" type="stmt"/>
      </file>
    </package>
    <package name="lib">
      <metrics statements="29" coveredstatements="29" conditionals="14" coveredconditionals="14" methods="10" coveredmethods="10"/>
      <file name="constants.ts" path="/Users/user/Desktop/personal/riskmesh/frontend/src/lib/constants.ts">
        <metrics statements="12" coveredstatements="12" conditionals="0" coveredconditionals="0" methods="0" coveredmethods="0"/>
        <line num="3" count="1" type="stmt"/>
        <line num="5" count="1" type="stmt"/>
        <line num="7" count="1" type="stmt"/>
        <line num="9" count="1" type="stmt"/>
        <line num="22" count="1" type="stmt"/>
        <line num="30" count="1" type="stmt"/>
        <line num="39" count="1" type="stmt"/>
        <line num="41" count="1" type="stmt"/>
        <line num="51" count="1" type="stmt"/>
        <line num="59" count="1" type="stmt"/>
        <line num="62" count="1" type="stmt"/>
        <line num="65" count="1" type="stmt"/>
      </file>
      <file name="pda.ts" path="/Users/user/Desktop/personal/riskmesh/frontend/src/lib/pda.ts">
        <metrics statements="7" coveredstatements="7" conditionals="7" coveredconditionals="7" methods="7" coveredmethods="7"/>
        <line num="14" count="8" type="stmt"/>
        <line num="33" count="4" type="stmt"/>
        <line num="50" count="3" type="stmt"/>
        <line num="64" count="6" type="stmt"/>
        <line num="74" count="4" type="stmt"/>
        <line num="85" count="4" type="stmt"/>
        <line num="99" count="3" type="stmt"/>
      </file>
      <file name="tx.ts" path="/Users/user/Desktop/personal/riskmesh/frontend/src/lib/tx.ts">
        <metrics statements="10" coveredstatements="10" conditionals="7" coveredconditionals="7" methods="3" coveredmethods="3"/>
        <line num="17" count="4" type="stmt"/>
        <line num="18" count="4" type="stmt"/>
        <line num="19" count="1" type="stmt"/>
        <line num="20" count="1" type="stmt"/>
        <line num="22" count="3" type="cond" truecount="2" falsecount="0"/>
        <line num="24" count="3" type="stmt"/>
        <line num="25" count="3" type="cond" truecount="2" falsecount="0"/>
        <line num="26" count="3" type="stmt"/>
        <line num="34" count="3" type="stmt"/>
        <line num="45" count="4" type="stmt"/>
      </file>
    </package>
    <package name="lib.idl">
      <metrics statements="27" coveredstatements="27" conditionals="8" coveredconditionals="8" methods="4" coveredmethods="4"/>
      <file name="open_parametric.ts" path="/Users/user/Desktop/personal/riskmesh/frontend/src/lib/idl/open_parametric.ts">
        <metrics statements="27" coveredstatements="27" conditionals="8" coveredconditionals="8" methods="4" coveredmethods="4"/>
        <line num="10" count="3" type="cond" truecount="2" falsecount="0"/>
        <line num="11" count="3" type="stmt"/>
        <line num="12" count="3" type="stmt"/>
        <line num="13" count="3" type="stmt"/>
        <line num="14" count="3" type="stmt"/>
        <line num="15" count="3" type="stmt"/>
        <line num="18" count="3" type="cond" truecount="2" falsecount="0"/>
        <line num="19" count="3" type="stmt"/>
        <line num="20" count="3" type="stmt"/>
        <line num="21" count="3" type="stmt"/>
        <line num="22" count="3" type="stmt"/>
        <line num="23" count="3" type="stmt"/>
        <line num="24" count="3" type="stmt"/>
        <line num="27" count="3" type="cond" truecount="2" falsecount="0"/>
        <line num="28" count="3" type="stmt"/>
        <line num="29" count="3" type="stmt"/>
        <line num="32" count="3" type="cond" truecount="2" falsecount="0"/>
        <line num="33" count="3" type="stmt"/>
        <line num="34" count="3" type="stmt"/>
        <line num="35" count="3" type="stmt"/>
        <line num="36" count="3" type="stmt"/>
        <line num="37" count="3" type="stmt"/>
        <line num="38" count="3" type="stmt"/>
        <line num="39" count="3" type="stmt"/>
        <line num="40" count="3" type="stmt"/>
        <line num="129" count="3" type="stmt"/>
        <line num="137" count="3" type="stmt"/>
      </file>
    </package>
    <package name="store">
      <metrics statements="256" coveredstatements="118" conditionals="162" coveredconditionals="73" methods="65" coveredmethods="33"/>
      <file name="useProtocolStore.ts" path="/Users/user/Desktop/personal/riskmesh/frontend/src/store/useProtocolStore.ts">
        <metrics statements="256" coveredstatements="118" conditionals="162" coveredconditionals="73" methods="65" coveredmethods="33"/>
        <line num="90" count="3" type="stmt"/>
        <line num="97" count="3" type="stmt"/>
        <line num="98" count="3" type="stmt"/>
        <line num="105" count="3" type="stmt"/>
        <line num="109" count="3" type="stmt"/>
        <line num="115" count="3" type="stmt"/>
        <line num="123" count="3" type="stmt"/>
        <line num="124" count="3" type="stmt"/>
        <line num="128" count="47" type="stmt"/>
        <line num="129" count="95" type="cond" truecount="4" falsecount="0"/>
        <line num="131" count="5" type="stmt"/>
        <line num="135" count="8" type="stmt"/>
        <line num="136" count="60" type="stmt"/>
        <line num="137" count="8" type="stmt"/>
        <line num="138" count="8" type="stmt"/>
        <line num="139" count="352" type="stmt"/>
        <line num="140" count="8" type="stmt"/>
        <line num="143" count="3" type="stmt"/>
        <line num="144" count="3" type="stmt"/>
        <line num="145" count="3" type="stmt"/>
        <line num="146" count="3" type="stmt"/>
        <line num="148" count="3" type="cond" truecount="1" falsecount="0"/>
        <line num="149" count="306" type="stmt"/>
        <line num="154" count="18" type="stmt"/>
        <line num="156" count="219" type="stmt"/>
        <line num="159" count="97" type="stmt"/>
        <line num="230" count="3" type="stmt"/>
        <line num="232" count="3" type="stmt"/>
        <line num="268" count="0" type="stmt"/>
        <line num="269" count="0" type="stmt"/>
        <line num="273" count="0" type="stmt"/>
        <line num="274" count="0" type="stmt"/>
        <line num="277" count="0" type="stmt"/>
        <line num="280" count="5" type="stmt"/>
        <line num="281" count="5" type="cond" truecount="4" falsecount="0"/>
        <line num="282" count="4" type="cond" truecount="2" falsecount="0"/>
        <line num="283" count="3" type="stmt"/>
        <line num="284" count="3" type="stmt"/>
        <line num="288" count="3" type="stmt"/>
        <line num="292" count="7" type="stmt"/>
        <line num="293" count="7" type="stmt"/>
        <line num="294" count="7" type="stmt"/>
        <line num="295" count="7" type="cond" truecount="4" falsecount="0"/>
        <line num="296" count="7" type="cond" truecount="5" falsecount="0"/>
        <line num="297" count="7" type="cond" truecount="6" falsecount="0"/>
        <line num="298" count="7" type="stmt"/>
        <line num="300" count="7" type="stmt"/>
        <line num="304" count="3" type="stmt"/>
        <line num="305" count="3" type="cond" truecount="4" falsecount="0"/>
        <line num="306" count="2" type="cond" truecount="5" falsecount="0"/>
        <line num="307" count="1" type="stmt"/>
        <line num="308" count="1" type="stmt"/>
        <line num="312" count="1" type="stmt"/>
        <line num="316" count="43" type="stmt"/>
        <line num="317" count="43" type="cond" truecount="2" falsecount="0"/>
        <line num="318" count="42" type="stmt"/>
        <line num="319" count="42" type="cond" truecount="2" falsecount="0"/>
        <line num="320" count="43" type="cond" truecount="2" falsecount="0"/>
        <line num="321" count="43" type="cond" truecount="2" falsecount="0"/>
        <line num="322" count="43" type="stmt"/>
        <line num="323" count="43" type="stmt"/>
        <line num="324" count="43" type="stmt"/>
        <line num="325" count="43" type="stmt"/>
        <line num="326" count="43" type="stmt"/>
        <line num="327" count="43" type="stmt"/>
        <line num="328" count="43" type="stmt"/>
        <line num="329" count="43" type="stmt"/>
        <line num="330" count="43" type="stmt"/>
        <line num="331" count="43" type="stmt"/>
        <line num="332" count="43" type="stmt"/>
        <line num="334" count="43" type="stmt"/>
        <line num="335" count="43" type="stmt"/>
        <line num="348" count="43" type="stmt"/>
        <line num="355" count="1" type="stmt"/>
        <line num="370" count="36" type="stmt"/>
        <line num="371" count="36" type="cond" truecount="4" falsecount="0"/>
        <line num="372" count="34" type="cond" truecount="4" falsecount="0"/>
        <line num="375" count="32" type="cond" truecount="2" falsecount="0"/>
        <line num="376" count="36" type="cond" truecount="2" falsecount="0"/>
        <line num="377" count="1" type="stmt"/>
        <line num="378" count="1" type="stmt"/>
        <line num="381" count="39" type="stmt"/>
        <line num="382" count="31" type="cond" truecount="2" falsecount="0"/>
        <line num="383" count="30" type="cond" truecount="2" falsecount="0"/>
        <line num="384" count="29" type="stmt"/>
        <line num="385" count="29" type="stmt"/>
        <line num="386" count="29" type="stmt"/>
        <line num="387" count="29" type="stmt"/>
        <line num="388" count="29" type="stmt"/>
        <line num="389" count="29" type="stmt"/>
        <line num="390" count="29" type="stmt"/>
        <line num="391" count="29" type="stmt"/>
        <line num="392" count="29" type="stmt"/>
        <line num="393" count="29" type="stmt"/>
        <line num="394" count="29" type="stmt"/>
        <line num="395" count="29" type="stmt"/>
        <line num="397" count="29" type="stmt"/>
        <line num="403" count="36" type="stmt"/>
        <line num="416" count="45" type="cond" truecount="2" falsecount="0"/>
        <line num="420" count="36" type="stmt"/>
        <line num="425" count="36" type="stmt"/>
        <line num="429" count="12" type="stmt"/>
        <line num="430" count="18" type="stmt"/>
        <line num="431" count="12" type="cond" truecount="2" falsecount="0"/>
        <line num="432" count="16" type="stmt"/>
        <line num="433" count="11" type="stmt"/>
        <line num="434" count="16" type="cond" truecount="1" falsecount="1"/>
        <line num="437" count="11" type="stmt"/>
        <line num="438" count="11" type="stmt"/>
        <line num="442" count="9" type="stmt"/>
        <line num="443" count="11" type="stmt"/>
        <line num="444" count="9" type="cond" truecount="2" falsecount="0"/>
        <line num="445" count="10" type="stmt"/>
        <line num="446" count="8" type="stmt"/>
        <line num="447" count="10" type="cond" truecount="1" falsecount="1"/>
        <line num="450" count="8" type="stmt"/>
        <line num="454" count="8" type="stmt"/>
        <line num="458" count="148" type="stmt"/>
        <line num="465" count="0" type="stmt"/>
        <line num="467" count="0" type="stmt"/>
        <line num="470" count="0" type="stmt"/>
        <line num="480" count="0" type="cond" truecount="0" falsecount="2"/>
        <line num="481" count="0" type="stmt"/>
        <line num="482" count="0" type="stmt"/>
        <line num="484" count="0" type="stmt"/>
        <line num="485" count="0" type="stmt"/>
        <line num="492" count="0" type="stmt"/>
        <line num="493" count="0" type="stmt"/>
        <line num="501" count="0" type="stmt"/>
        <line num="509" count="0" type="stmt"/>
        <line num="510" count="0" type="stmt"/>
        <line num="511" count="0" type="stmt"/>
        <line num="512" count="0" type="cond" truecount="0" falsecount="4"/>
        <line num="513" count="0" type="cond" truecount="0" falsecount="5"/>
        <line num="514" count="0" type="cond" truecount="0" falsecount="6"/>
        <line num="515" count="0" type="stmt"/>
        <line num="517" count="0" type="stmt"/>
        <line num="524" count="0" type="stmt"/>
        <line num="525" count="0" type="stmt"/>
        <line num="532" count="0" type="stmt"/>
        <line num="533" count="0" type="stmt"/>
        <line num="534" count="0" type="stmt"/>
        <line num="535" count="0" type="stmt"/>
        <line num="536" count="0" type="stmt"/>
        <line num="537" count="0" type="stmt"/>
        <line num="538" count="0" type="stmt"/>
        <line num="539" count="0" type="stmt"/>
        <line num="540" count="0" type="stmt"/>
        <line num="541" count="0" type="stmt"/>
        <line num="542" count="0" type="stmt"/>
        <line num="543" count="0" type="stmt"/>
        <line num="545" count="0" type="stmt"/>
        <line num="546" count="0" type="stmt"/>
        <line num="559" count="0" type="stmt"/>
        <line num="567" count="0" type="stmt"/>
        <line num="568" count="0" type="stmt"/>
        <line num="569" count="0" type="cond" truecount="0" falsecount="2"/>
        <line num="572" count="0" type="cond" truecount="0" falsecount="2"/>
        <line num="574" count="0" type="cond" truecount="0" falsecount="2"/>
        <line num="575" count="0" type="stmt"/>
        <line num="576" count="0" type="cond" truecount="0" falsecount="2"/>
        <line num="578" count="0" type="stmt"/>
        <line num="582" count="0" type="stmt"/>
        <line num="585" count="0" type="stmt"/>
        <line num="586" count="0" type="stmt"/>
        <line num="587" count="0" type="stmt"/>
        <line num="588" count="0" type="stmt"/>
        <line num="589" count="0" type="stmt"/>
        <line num="590" count="0" type="stmt"/>
        <line num="591" count="0" type="stmt"/>
        <line num="592" count="0" type="stmt"/>
        <line num="593" count="0" type="stmt"/>
        <line num="594" count="0" type="stmt"/>
        <line num="595" count="0" type="stmt"/>
        <line num="596" count="0" type="stmt"/>
        <line num="598" count="0" type="stmt"/>
        <line num="604" count="0" type="stmt"/>
        <line num="617" count="0" type="cond" truecount="0" falsecount="2"/>
        <line num="621" count="0" type="stmt"/>
        <line num="629" count="0" type="stmt"/>
        <line num="631" count="0" type="cond" truecount="0" falsecount="4"/>
        <line num="637" count="0" type="stmt"/>
        <line num="643" count="0" type="stmt"/>
        <line num="644" count="0" type="stmt"/>
        <line num="647" count="46" type="stmt"/>
        <line num="660" count="46" type="stmt"/>
        <line num="664" count="0" type="stmt"/>
        <line num="665" count="0" type="cond" truecount="0" falsecount="2"/>
        <line num="666" count="0" type="cond" truecount="0" falsecount="2"/>
        <line num="667" count="0" type="stmt"/>
        <line num="668" count="0" type="stmt"/>
        <line num="670" count="0" type="stmt"/>
        <line num="671" count="0" type="cond" truecount="0" falsecount="2"/>
        <line num="672" count="0" type="cond" truecount="0" falsecount="4"/>
        <line num="673" count="0" type="cond" truecount="0" falsecount="5"/>
        <line num="674" count="0" type="cond" truecount="0" falsecount="2"/>
        <line num="676" count="0" type="stmt"/>
        <line num="682" count="0" type="stmt"/>
        <line num="703" count="0" type="stmt"/>
        <line num="704" count="0" type="stmt"/>
        <line num="705" count="0" type="stmt"/>
        <line num="706" count="0" type="stmt"/>
        <line num="707" count="0" type="stmt"/>
        <line num="708" count="0" type="stmt"/>
        <line num="711" count="0" type="stmt"/>
        <line num="712" count="0" type="stmt"/>
        <line num="713" count="0" type="stmt"/>
        <line num="714" count="0" type="stmt"/>
        <line num="715" count="0" type="stmt"/>
        <line num="716" count="0" type="stmt"/>
        <line num="718" count="0" type="stmt"/>
        <line num="719" count="0" type="stmt"/>
        <line num="724" count="0" type="stmt"/>
        <line num="725" count="0" type="stmt"/>
        <line num="726" count="0" type="stmt"/>
        <line num="728" count="0" type="stmt"/>
        <line num="729" count="0" type="stmt"/>
        <line num="730" count="0" type="stmt"/>
        <line num="732" count="0" type="cond" truecount="0" falsecount="2"/>
        <line num="734" count="0" type="stmt"/>
        <line num="736" count="0" type="stmt"/>
        <line num="748" count="0" type="stmt"/>
        <line num="751" count="0" type="cond" truecount="0" falsecount="2"/>
        <line num="755" count="0" type="stmt"/>
        <line num="756" count="0" type="stmt"/>
        <line num="757" count="0" type="cond" truecount="0" falsecount="2"/>
        <line num="758" count="0" type="cond" truecount="0" falsecount="2"/>
        <line num="759" count="0" type="stmt"/>
        <line num="760" count="0" type="stmt"/>
        <line num="761" count="0" type="stmt"/>
        <line num="762" count="0" type="stmt"/>
        <line num="763" count="0" type="stmt"/>
        <line num="764" count="0" type="stmt"/>
        <line num="765" count="0" type="stmt"/>
        <line num="766" count="0" type="stmt"/>
        <line num="767" count="0" type="stmt"/>
        <line num="769" count="0" type="stmt"/>
        <line num="786" count="0" type="stmt"/>
        <line num="792" count="0" type="stmt"/>
        <line num="793" count="0" type="stmt"/>
        <line num="794" count="0" type="stmt"/>
        <line num="795" count="0" type="stmt"/>
        <line num="796" count="0" type="stmt"/>
        <line num="797" count="0" type="stmt"/>
        <line num="799" count="0" type="stmt"/>
        <line num="800" count="0" type="stmt"/>
        <line num="801" count="0" type="stmt"/>
        <line num="802" count="0" type="stmt"/>
        <line num="803" count="0" type="stmt"/>
        <line num="806" count="0" type="stmt"/>
        <line num="807" count="0" type="stmt"/>
        <line num="809" count="0" type="stmt"/>
        <line num="822" count="383" type="stmt"/>
        <line num="830" count="383" type="cond" truecount="1" falsecount="1"/>
        <line num="831" count="383" type="stmt"/>
        <line num="849" count="0" type="stmt"/>
      </file>
    </package>
  </project>
</coverage>
