{"/Users/user/Desktop/personal/riskmesh/frontend/src/hooks/useSettlementData.ts": {"path":"/Users/user/Desktop/personal/riskmesh/frontend/src/hooks/useSettlementData.ts","statementMap":{"0":{"start":{"line":5,"column":8},"end":{"line":5,"column":null}},"1":{"start":{"line":5,"column":39},"end":{"line":5,"column":47}},"2":{"start":{"line":6,"column":8},"end":{"line":6,"column":null}},"3":{"start":{"line":6,"column":49},"end":{"line":6,"column":67}},"4":{"start":{"line":7,"column":8},"end":{"line":7,"column":null}},"5":{"start":{"line":7,"column":39},"end":{"line":7,"column":47}},"6":{"start":{"line":8,"column":8},"end":{"line":8,"column":null}},"7":{"start":{"line":8,"column":46},"end":{"line":8,"column":61}},"8":{"start":{"line":9,"column":8},"end":{"line":9,"column":null}},"9":{"start":{"line":9,"column":51},"end":{"line":9,"column":71}},"10":{"start":{"line":11,"column":2},"end":{"line":43,"column":null}},"11":{"start":{"line":12,"column":26},"end":{"line":12,"column":null}},"12":{"start":{"line":12,"column":45},"end":{"line":12,"column":67}},"13":{"start":{"line":13,"column":26},"end":{"line":13,"column":null}},"14":{"start":{"line":13,"column":45},"end":{"line":13,"column":69}},"15":{"start":{"line":15,"column":31},"end":{"line":15,"column":null}},"16":{"start":{"line":15,"column":62},"end":{"line":15,"column":74}},"17":{"start":{"line":16,"column":32},"end":{"line":16,"column":null}},"18":{"start":{"line":17,"column":30},"end":{"line":17,"column":null}},"19":{"start":{"line":17,"column":61},"end":{"line":17,"column":75}},"20":{"start":{"line":19,"column":15},"end":{"line":19,"column":36}},"21":{"start":{"line":19,"column":41},"end":{"line":19,"column":61}},"22":{"start":{"line":19,"column":66},"end":{"line":19,"column":null}},"23":{"start":{"line":20,"column":18},"end":{"line":20,"column":null}},"24":{"start":{"line":21,"column":21},"end":{"line":21,"column":null}},"25":{"start":{"line":22,"column":21},"end":{"line":22,"column":null}},"26":{"start":{"line":24,"column":23},"end":{"line":33,"column":null}},"27":{"start":{"line":29,"column":50},"end":{"line":29,"column":62}},"28":{"start":{"line":30,"column":49},"end":{"line":30,"column":61}},"29":{"start":{"line":31,"column":49},"end":{"line":31,"column":61}},"30":{"start":{"line":32,"column":48},"end":{"line":32,"column":60}},"31":{"start":{"line":35,"column":4},"end":{"line":42,"column":null}}},"fnMap":{"0":{"name":"useSettlementData","decl":{"start":{"line":4,"column":16},"end":{"line":4,"column":36}},"loc":{"start":{"line":4,"column":36},"end":{"line":44,"column":null}},"line":4},"1":{"name":"(anonymous_1)","decl":{"start":{"line":5,"column":34},"end":{"line":5,"column":39}},"loc":{"start":{"line":5,"column":39},"end":{"line":5,"column":47}},"line":5},"2":{"name":"(anonymous_2)","decl":{"start":{"line":6,"column":44},"end":{"line":6,"column":49}},"loc":{"start":{"line":6,"column":49},"end":{"line":6,"column":67}},"line":6},"3":{"name":"(anonymous_3)","decl":{"start":{"line":7,"column":34},"end":{"line":7,"column":39}},"loc":{"start":{"line":7,"column":39},"end":{"line":7,"column":47}},"line":7},"4":{"name":"(anonymous_4)","decl":{"start":{"line":8,"column":41},"end":{"line":8,"column":46}},"loc":{"start":{"line":8,"column":46},"end":{"line":8,"column":61}},"line":8},"5":{"name":"(anonymous_5)","decl":{"start":{"line":9,"column":46},"end":{"line":9,"column":51}},"loc":{"start":{"line":9,"column":51},"end":{"line":9,"column":71}},"line":9},"6":{"name":"(anonymous_6)","decl":{"start":{"line":11,"column":17},"end":{"line":11,"column":23}},"loc":{"start":{"line":11,"column":23},"end":{"line":43,"column":5}},"line":11},"7":{"name":"(anonymous_7)","decl":{"start":{"line":12,"column":40},"end":{"line":12,"column":45}},"loc":{"start":{"line":12,"column":45},"end":{"line":12,"column":67}},"line":12},"8":{"name":"(anonymous_8)","decl":{"start":{"line":13,"column":40},"end":{"line":13,"column":45}},"loc":{"start":{"line":13,"column":45},"end":{"line":13,"column":69}},"line":13},"9":{"name":"(anonymous_9)","decl":{"start":{"line":15,"column":57},"end":{"line":15,"column":62}},"loc":{"start":{"line":15,"column":62},"end":{"line":15,"column":74}},"line":15},"10":{"name":"(anonymous_10)","decl":{"start":{"line":17,"column":51},"end":{"line":17,"column":52}},"loc":{"start":{"line":17,"column":61},"end":{"line":17,"column":75}},"line":17},"11":{"name":"(anonymous_11)","decl":{"start":{"line":29,"column":40},"end":{"line":29,"column":41}},"loc":{"start":{"line":29,"column":50},"end":{"line":29,"column":62}},"line":29},"12":{"name":"(anonymous_12)","decl":{"start":{"line":30,"column":39},"end":{"line":30,"column":40}},"loc":{"start":{"line":30,"column":49},"end":{"line":30,"column":61}},"line":30},"13":{"name":"(anonymous_13)","decl":{"start":{"line":31,"column":39},"end":{"line":31,"column":40}},"loc":{"start":{"line":31,"column":49},"end":{"line":31,"column":61}},"line":31},"14":{"name":"(anonymous_14)","decl":{"start":{"line":32,"column":38},"end":{"line":32,"column":39}},"loc":{"start":{"line":32,"column":48},"end":{"line":32,"column":60}},"line":32}},"branchMap":{},"s":{"0":6,"1":18,"2":6,"3":18,"4":6,"5":18,"6":6,"7":18,"8":6,"9":18,"10":6,"11":6,"12":8,"13":6,"14":8,"15":6,"16":6,"17":6,"18":6,"19":6,"20":6,"21":6,"22":6,"23":6,"24":6,"25":6,"26":6,"27":6,"28":6,"29":6,"30":6,"31":6},"f":{"0":6,"1":18,"2":18,"3":18,"4":18,"5":18,"6":6,"7":8,"8":8,"9":6,"10":6,"11":6,"12":6,"13":6,"14":6},"b":{},"meta":{"lastBranch":0,"lastFunction":15,"lastStatement":32,"seen":{"f:4:16:4:36":0,"s:5:8:5:Infinity":0,"f:5:34:5:39":1,"s:5:39:5:47":1,"s:6:8:6:Infinity":2,"f:6:44:6:49":2,"s:6:49:6:67":3,"s:7:8:7:Infinity":4,"f:7:34:7:39":3,"s:7:39:7:47":5,"s:8:8:8:Infinity":6,"f:8:41:8:46":4,"s:8:46:8:61":7,"s:9:8:9:Infinity":8,"f:9:46:9:51":5,"s:9:51:9:71":9,"s:11:2:43:Infinity":10,"f:11:17:11:23":6,"s:12:26:12:Infinity":11,"f:12:40:12:45":7,"s:12:45:12:67":12,"s:13:26:13:Infinity":13,"f:13:40:13:45":8,"s:13:45:13:69":14,"s:15:31:15:Infinity":15,"f:15:57:15:62":9,"s:15:62:15:74":16,"s:16:32:16:Infinity":17,"s:17:30:17:Infinity":18,"f:17:51:17:52":10,"s:17:61:17:75":19,"s:19:15:19:36":20,"s:19:41:19:61":21,"s:19:66:19:Infinity":22,"s:20:18:20:Infinity":23,"s:21:21:21:Infinity":24,"s:22:21:22:Infinity":25,"s:24:23:33:Infinity":26,"f:29:40:29:41":11,"s:29:50:29:62":27,"f:30:39:30:40":12,"s:30:49:30:61":28,"f:31:39:31:40":13,"s:31:49:31:61":29,"f:32:38:32:39":14,"s:32:48:32:60":30,"s:35:4:42:Infinity":31}}}
,"/Users/user/Desktop/personal/riskmesh/frontend/src/i18n/index.ts": {"path":"/Users/user/Desktop/personal/riskmesh/frontend/src/i18n/index.ts","statementMap":{"0":{"start":{"line":6,"column":0},"end":{"line":14,"column":null}},"1":{"start":{"line":16,"column":0},"end":{"line":19,"column":null}},"2":{"start":{"line":17,"column":2},"end":{"line":17,"column":null}},"3":{"start":{"line":18,"column":2},"end":{"line":18,"column":null}}},"fnMap":{"0":{"name":"(anonymous_0)","decl":{"start":{"line":16,"column":28},"end":{"line":16,"column":36}},"loc":{"start":{"line":16,"column":36},"end":{"line":19,"column":1}},"line":16}},"branchMap":{"0":{"loc":{"start":{"line":11,"column":7},"end":{"line":11,"column":null}},"type":"binary-expr","locations":[{"start":{"line":11,"column":7},"end":{"line":11,"column":39}},{"start":{"line":11,"column":39},"end":{"line":11,"column":null}}],"line":11}},"s":{"0":3,"1":3,"2":0,"3":0},"f":{"0":0},"b":{"0":[3,3]},"meta":{"lastBranch":1,"lastFunction":1,"lastStatement":4,"seen":{"s:6:0:14:Infinity":0,"b:11:7:11:39:11:39:11:Infinity":0,"s:16:0:19:Infinity":1,"f:16:28:16:36":0,"s:17:2:17:Infinity":2,"s:18:2:18:Infinity":3}}}
,"/Users/user/Desktop/personal/riskmesh/frontend/src/i18n/locales/en.ts": {"path":"/Users/user/Desktop/personal/riskmesh/frontend/src/i18n/locales/en.ts","statementMap":{"0":{"start":{"line":1,"column":11},"end":{"line":445,"column":null}}},"fnMap":{},"branchMap":{},"s":{"0":5},"f":{},"b":{},"meta":{"lastBranch":0,"lastFunction":0,"lastStatement":1,"seen":{"s:1:11:445:Infinity":0}}}
,"/Users/user/Desktop/personal/riskmesh/frontend/src/i18n/locales/ko.ts": {"path":"/Users/user/Desktop/personal/riskmesh/frontend/src/i18n/locales/ko.ts","statementMap":{"0":{"start":{"line":1,"column":11},"end":{"line":445,"column":null}}},"fnMap":{},"branchMap":{},"s":{"0":3},"f":{},"b":{},"meta":{"lastBranch":0,"lastFunction":0,"lastStatement":1,"seen":{"s:1:11:445:Infinity":0}}}
,"/Users/user/Desktop/personal/riskmesh/frontend/src/lib/constants.ts": {"path":"/Users/user/Desktop/personal/riskmesh/frontend/src/lib/constants.ts","statementMap":{"0":{"start":{"line":3,"column":28},"end":{"line":3,"column":null}},"1":{"start":{"line":5,"column":26},"end":{"line":5,"column":null}},"2":{"start":{"line":7,"column":29},"end":{"line":7,"column":null}},"3":{"start":{"line":9,"column":29},"end":{"line":17,"column":null}},"4":{"start":{"line":22,"column":36},"end":{"line":27,"column":null}},"5":{"start":{"line":30,"column":36},"end":{"line":36,"column":null}},"6":{"start":{"line":39,"column":37},"end":{"line":39,"column":null}},"7":{"start":{"line":41,"column":30},"end":{"line":47,"column":null}},"8":{"start":{"line":51,"column":36},"end":{"line":56,"column":null}},"9":{"start":{"line":59,"column":31},"end":{"line":59,"column":null}},"10":{"start":{"line":62,"column":30},"end":{"line":62,"column":null}},"11":{"start":{"line":65,"column":25},"end":{"line":65,"column":null}}},"fnMap":{},"branchMap":{},"s":{"0":1,"1":1,"2":1,"3":1,"4":1,"5":1,"6":1,"7":1,"8":1,"9":1,"10":1,"11":1},"f":{},"b":{},"meta":{"lastBranch":0,"lastFunction":0,"lastStatement":12,"seen":{"s:3:28:3:Infinity":0,"s:5:26:5:Infinity":1,"s:7:29:7:Infinity":2,"s:9:29:17:Infinity":3,"s:22:36:27:Infinity":4,"s:30:36:36:Infinity":5,"s:39:37:39:Infinity":6,"s:41:30:47:Infinity":7,"s:51:36:56:Infinity":8,"s:59:31:59:Infinity":9,"s:62:30:62:Infinity":10,"s:65:25:65:Infinity":11}}}
,"/Users/user/Desktop/personal/riskmesh/frontend/src/lib/pda.ts": {"path":"/Users/user/Desktop/personal/riskmesh/frontend/src/lib/pda.ts","statementMap":{"0":{"start":{"line":14,"column":2},"end":{"line":21,"column":null}},"1":{"start":{"line":33,"column":2},"end":{"line":40,"column":null}},"2":{"start":{"line":50,"column":2},"end":{"line":57,"column":null}},"3":{"start":{"line":64,"column":2},"end":{"line":67,"column":null}},"4":{"start":{"line":74,"column":2},"end":{"line":77,"column":null}},"5":{"start":{"line":85,"column":2},"end":{"line":92,"column":null}},"6":{"start":{"line":99,"column":2},"end":{"line":102,"column":null}}},"fnMap":{"0":{"name":"getMasterPolicyPDA","decl":{"start":{"line":9,"column":16},"end":{"line":9,"column":null}},"loc":{"start":{"line":13,"column":23},"end":{"line":22,"column":null}},"line":13},"1":{"name":"getFlightPolicyPDA","decl":{"start":{"line":28,"column":16},"end":{"line":28,"column":null}},"loc":{"start":{"line":32,"column":23},"end":{"line":41,"column":null}},"line":32},"2":{"name":"getPolicyPDA","decl":{"start":{"line":45,"column":16},"end":{"line":45,"column":null}},"loc":{"start":{"line":49,"column":23},"end":{"line":58,"column":null}},"line":49},"3":{"name":"getUnderwritingPDA","decl":{"start":{"line":60,"column":16},"end":{"line":60,"column":null}},"loc":{"start":{"line":63,"column":23},"end":{"line":68,"column":null}},"line":63},"4":{"name":"getRiskPoolPDA","decl":{"start":{"line":70,"column":16},"end":{"line":70,"column":null}},"loc":{"start":{"line":73,"column":23},"end":{"line":78,"column":null}},"line":73},"5":{"name":"getClaimPDA","decl":{"start":{"line":80,"column":16},"end":{"line":80,"column":null}},"loc":{"start":{"line":84,"column":23},"end":{"line":93,"column":null}},"line":84},"6":{"name":"getRegistryPDA","decl":{"start":{"line":95,"column":16},"end":{"line":95,"column":null}},"loc":{"start":{"line":98,"column":23},"end":{"line":103,"column":null}},"line":98}},"branchMap":{"0":{"loc":{"start":{"line":12,"column":2},"end":{"line":12,"column":null}},"type":"default-arg","locations":[{"start":{"line":12,"column":25},"end":{"line":12,"column":null}}],"line":12},"1":{"loc":{"start":{"line":31,"column":2},"end":{"line":31,"column":null}},"type":"default-arg","locations":[{"start":{"line":31,"column":25},"end":{"line":31,"column":null}}],"line":31},"2":{"loc":{"start":{"line":48,"column":2},"end":{"line":48,"column":null}},"type":"default-arg","locations":[{"start":{"line":48,"column":25},"end":{"line":48,"column":null}}],"line":48},"3":{"loc":{"start":{"line":62,"column":2},"end":{"line":62,"column":null}},"type":"default-arg","locations":[{"start":{"line":62,"column":25},"end":{"line":62,"column":null}}],"line":62},"4":{"loc":{"start":{"line":72,"column":2},"end":{"line":72,"column":null}},"type":"default-arg","locations":[{"start":{"line":72,"column":25},"end":{"line":72,"column":null}}],"line":72},"5":{"loc":{"start":{"line":83,"column":2},"end":{"line":83,"column":null}},"type":"default-arg","locations":[{"start":{"line":83,"column":25},"end":{"line":83,"column":null}}],"line":83},"6":{"loc":{"start":{"line":97,"column":2},"end":{"line":97,"column":null}},"type":"default-arg","locations":[{"start":{"line":97,"column":25},"end":{"line":97,"column":null}}],"line":97}},"s":{"0":8,"1":4,"2":3,"3":6,"4":4,"5":4,"6":3},"f":{"0":8,"1":4,"2":3,"3":6,"4":4,"5":4,"6":3},"b":{"0":[8],"1":[4],"2":[3],"3":[6],"4":[4],"5":[4],"6":[3]},"meta":{"lastBranch":7,"lastFunction":7,"lastStatement":7,"seen":{"f:9:16:9:Infinity":0,"b:12:25:12:Infinity":0,"s:14:2:21:Infinity":0,"f:28:16:28:Infinity":1,"b:31:25:31:Infinity":1,"s:33:2:40:Infinity":1,"f:45:16:45:Infinity":2,"b:48:25:48:Infinity":2,"s:50:2:57:Infinity":2,"f:60:16:60:Infinity":3,"b:62:25:62:Infinity":3,"s:64:2:67:Infinity":3,"f:70:16:70:Infinity":4,"b:72:25:72:Infinity":4,"s:74:2:77:Infinity":4,"f:80:16:80:Infinity":5,"b:83:25:83:Infinity":5,"s:85:2:92:Infinity":5,"f:95:16:95:Infinity":6,"b:97:25:97:Infinity":6,"s:99:2:102:Infinity":6}}}
,"/Users/user/Desktop/personal/riskmesh/frontend/src/lib/tx.ts": {"path":"/Users/user/Desktop/personal/riskmesh/frontend/src/lib/tx.ts","statementMap":{"0":{"start":{"line":17,"column":2},"end":{"line":27,"column":null}},"1":{"start":{"line":18,"column":22},"end":{"line":18,"column":null}},"2":{"start":{"line":19,"column":4},"end":{"line":19,"column":null}},"3":{"start":{"line":20,"column":4},"end":{"line":20,"column":null}},"4":{"start":{"line":22,"column":20},"end":{"line":22,"column":null}},"5":{"start":{"line":24,"column":24},"end":{"line":24,"column":null}},"6":{"start":{"line":25,"column":21},"end":{"line":25,"column":null}},"7":{"start":{"line":26,"column":4},"end":{"line":26,"column":null}},"8":{"start":{"line":34,"column":2},"end":{"line":34,"column":null}},"9":{"start":{"line":45,"column":2},"end":{"line":45,"column":null}}},"fnMap":{"0":{"name":"sendTx","decl":{"start":{"line":13,"column":22},"end":{"line":13,"column":null}},"loc":{"start":{"line":16,"column":21},"end":{"line":28,"column":null}},"line":16},"1":{"name":"shortenAddress","decl":{"start":{"line":33,"column":16},"end":{"line":33,"column":31}},"loc":{"start":{"line":33,"column":67},"end":{"line":35,"column":null}},"line":33},"2":{"name":"getExplorerUrl","decl":{"start":{"line":40,"column":16},"end":{"line":40,"column":null}},"loc":{"start":{"line":44,"column":10},"end":{"line":46,"column":null}},"line":44}},"branchMap":{"0":{"loc":{"start":{"line":22,"column":20},"end":{"line":22,"column":null}},"type":"cond-expr","locations":[{"start":{"line":22,"column":43},"end":{"line":22,"column":57}},{"start":{"line":22,"column":57},"end":{"line":22,"column":null}}],"line":22},"1":{"loc":{"start":{"line":25,"column":21},"end":{"line":25,"column":null}},"type":"cond-expr","locations":[{"start":{"line":25,"column":35},"end":{"line":25,"column":53}},{"start":{"line":25,"column":53},"end":{"line":25,"column":null}}],"line":25},"2":{"loc":{"start":{"line":33,"column":48},"end":{"line":33,"column":67}},"type":"default-arg","locations":[{"start":{"line":33,"column":56},"end":{"line":33,"column":67}}],"line":33},"3":{"loc":{"start":{"line":42,"column":2},"end":{"line":42,"column":null}},"type":"default-arg","locations":[{"start":{"line":42,"column":27},"end":{"line":42,"column":null}}],"line":42},"4":{"loc":{"start":{"line":43,"column":2},"end":{"line":43,"column":null}},"type":"default-arg","locations":[{"start":{"line":43,"column":39},"end":{"line":43,"column":null}}],"line":43}},"s":{"0":4,"1":4,"2":1,"3":1,"4":3,"5":3,"6":3,"7":3,"8":3,"9":4},"f":{"0":4,"1":3,"2":4},"b":{"0":[2,1],"1":[1,2],"2":[3],"3":[4],"4":[4]},"meta":{"lastBranch":5,"lastFunction":3,"lastStatement":10,"seen":{"f:13:22:13:Infinity":0,"s:17:2:27:Infinity":0,"s:18:22:18:Infinity":1,"s:19:4:19:Infinity":2,"s:20:4:20:Infinity":3,"s:22:20:22:Infinity":4,"b:22:43:22:57:22:57:22:Infinity":0,"s:24:24:24:Infinity":5,"s:25:21:25:Infinity":6,"b:25:35:25:53:25:53:25:Infinity":1,"s:26:4:26:Infinity":7,"f:33:16:33:31":1,"b:33:56:33:67":2,"s:34:2:34:Infinity":8,"f:40:16:40:Infinity":2,"b:42:27:42:Infinity":3,"b:43:39:43:Infinity":4,"s:45:2:45:Infinity":9}}}
,"/Users/user/Desktop/personal/riskmesh/frontend/src/lib/idl/open_parametric.ts": {"path":"/Users/user/Desktop/personal/riskmesh/frontend/src/lib/idl/open_parametric.ts","statementMap":{"0":{"start":{"line":10,"column":7},"end":{"line":10,"column":null}},"1":{"start":{"line":11,"column":2},"end":{"line":11,"column":10}},"2":{"start":{"line":12,"column":2},"end":{"line":12,"column":19}},"3":{"start":{"line":13,"column":2},"end":{"line":13,"column":11}},"4":{"start":{"line":14,"column":2},"end":{"line":14,"column":11}},"5":{"start":{"line":15,"column":2},"end":{"line":15,"column":14}},"6":{"start":{"line":10,"column":12},"end":{"line":10,"column":null}},"7":{"start":{"line":18,"column":7},"end":{"line":18,"column":null}},"8":{"start":{"line":19,"column":2},"end":{"line":19,"column":11}},"9":{"start":{"line":20,"column":2},"end":{"line":20,"column":19}},"10":{"start":{"line":21,"column":2},"end":{"line":21,"column":14}},"11":{"start":{"line":22,"column":2},"end":{"line":22,"column":9}},"12":{"start":{"line":23,"column":2},"end":{"line":23,"column":12}},"13":{"start":{"line":24,"column":2},"end":{"line":24,"column":12}},"14":{"start":{"line":18,"column":12},"end":{"line":18,"column":null}},"15":{"start":{"line":27,"column":7},"end":{"line":27,"column":null}},"16":{"start":{"line":28,"column":2},"end":{"line":28,"column":16}},"17":{"start":{"line":29,"column":2},"end":{"line":29,"column":14}},"18":{"start":{"line":27,"column":12},"end":{"line":27,"column":null}},"19":{"start":{"line":32,"column":7},"end":{"line":32,"column":null}},"20":{"start":{"line":33,"column":2},"end":{"line":33,"column":10}},"21":{"start":{"line":34,"column":2},"end":{"line":34,"column":9}},"22":{"start":{"line":35,"column":2},"end":{"line":35,"column":11}},"23":{"start":{"line":36,"column":2},"end":{"line":36,"column":11}},"24":{"start":{"line":37,"column":2},"end":{"line":37,"column":14}},"25":{"start":{"line":38,"column":2},"end":{"line":38,"column":13}},"26":{"start":{"line":39,"column":2},"end":{"line":39,"column":12}},"27":{"start":{"line":40,"column":2},"end":{"line":40,"column":12}},"28":{"start":{"line":32,"column":12},"end":{"line":32,"column":null}},"29":{"start":{"line":129,"column":60},"end":{"line":135,"column":null}},"30":{"start":{"line":137,"column":60},"end":{"line":144,"column":null}}},"fnMap":{"0":{"name":"(anonymous_0)","decl":{"start":{"line":10,"column":7},"end":{"line":10,"column":12}},"loc":{"start":{"line":10,"column":7},"end":{"line":10,"column":null}},"line":10},"1":{"name":"(anonymous_1)","decl":{"start":{"line":18,"column":7},"end":{"line":18,"column":12}},"loc":{"start":{"line":18,"column":7},"end":{"line":18,"column":null}},"line":18},"2":{"name":"(anonymous_2)","decl":{"start":{"line":27,"column":7},"end":{"line":27,"column":12}},"loc":{"start":{"line":27,"column":7},"end":{"line":27,"column":null}},"line":27},"3":{"name":"(anonymous_3)","decl":{"start":{"line":32,"column":7},"end":{"line":32,"column":12}},"loc":{"start":{"line":32,"column":7},"end":{"line":32,"column":null}},"line":32}},"branchMap":{"0":{"loc":{"start":{"line":10,"column":12},"end":{"line":10,"column":null}},"type":"binary-expr","locations":[{"start":{"line":10,"column":12},"end":{"line":10,"column":null}},{"start":{"line":10,"column":12},"end":{"line":10,"column":null}}],"line":10},"1":{"loc":{"start":{"line":18,"column":12},"end":{"line":18,"column":null}},"type":"binary-expr","locations":[{"start":{"line":18,"column":12},"end":{"line":18,"column":null}},{"start":{"line":18,"column":12},"end":{"line":18,"column":null}}],"line":18},"2":{"loc":{"start":{"line":27,"column":12},"end":{"line":27,"column":null}},"type":"binary-expr","locations":[{"start":{"line":27,"column":12},"end":{"line":27,"column":null}},{"start":{"line":27,"column":12},"end":{"line":27,"column":null}}],"line":27},"3":{"loc":{"start":{"line":32,"column":12},"end":{"line":32,"column":null}},"type":"binary-expr","locations":[{"start":{"line":32,"column":12},"end":{"line":32,"column":null}},{"start":{"line":32,"column":12},"end":{"line":32,"column":null}}],"line":32}},"s":{"0":3,"1":3,"2":3,"3":3,"4":3,"5":3,"6":3,"7":3,"8":3,"9":3,"10":3,"11":3,"12":3,"13":3,"14":3,"15":3,"16":3,"17":3,"18":3,"19":3,"20":3,"21":3,"22":3,"23":3,"24":3,"25":3,"26":3,"27":3,"28":3,"29":3,"30":3},"f":{"0":3,"1":3,"2":3,"3":3},"b":{"0":[3,3],"1":[3,3],"2":[3,3],"3":[3,3]},"meta":{"lastBranch":4,"lastFunction":4,"lastStatement":31,"seen":{"s:10:7:10:Infinity":0,"f:10:7:10:12":0,"s:11:2:11:10":1,"s:12:2:12:19":2,"s:13:2:13:11":3,"s:14:2:14:11":4,"s:15:2:15:14":5,"s:10:12:10:Infinity":6,"b:10:12:10:Infinity:10:12:10:Infinity":0,"s:18:7:18:Infinity":7,"f:18:7:18:12":1,"s:19:2:19:11":8,"s:20:2:20:19":9,"s:21:2:21:14":10,"s:22:2:22:9":11,"s:23:2:23:12":12,"s:24:2:24:12":13,"s:18:12:18:Infinity":14,"b:18:12:18:Infinity:18:12:18:Infinity":1,"s:27:7:27:Infinity":15,"f:27:7:27:12":2,"s:28:2:28:16":16,"s:29:2:29:14":17,"s:27:12:27:Infinity":18,"b:27:12:27:Infinity:27:12:27:Infinity":2,"s:32:7:32:Infinity":19,"f:32:7:32:12":3,"s:33:2:33:10":20,"s:34:2:34:9":21,"s:35:2:35:11":22,"s:36:2:36:11":23,"s:37:2:37:14":24,"s:38:2:38:13":25,"s:39:2:39:12":26,"s:40:2:40:12":27,"s:32:12:32:Infinity":28,"b:32:12:32:Infinity:32:12:32:Infinity":3,"s:129:60:135:Infinity":29,"s:137:60:144:Infinity":30}}}
,"/Users/user/Desktop/personal/riskmesh/frontend/src/store/useProtocolStore.ts": {"path":"/Users/user/Desktop/personal/riskmesh/frontend/src/store/useProtocolStore.ts","statementMap":{"0":{"start":{"line":90,"column":21},"end":{"line":94,"column":null}},"1":{"start":{"line":97,"column":23},"end":{"line":97,"column":null}},"2":{"start":{"line":98,"column":53},"end":{"line":104,"column":null}},"3":{"start":{"line":105,"column":21},"end":{"line":107,"column":null}},"4":{"start":{"line":109,"column":21},"end":{"line":112,"column":null}},"5":{"start":{"line":115,"column":69},"end":{"line":121,"column":null}},"6":{"start":{"line":123,"column":29},"end":{"line":123,"column":null}},"7":{"start":{"line":124,"column":34},"end":{"line":124,"column":null}},"8":{"start":{"line":128,"column":2},"end":{"line":130,"column":null}},"9":{"start":{"line":129,"column":4},"end":{"line":129,"column":null}},"10":{"start":{"line":129,"column":42},"end":{"line":129,"column":null}},"11":{"start":{"line":131,"column":2},"end":{"line":131,"column":null}},"12":{"start":{"line":135,"column":10},"end":{"line":135,"column":null}},"13":{"start":{"line":136,"column":2},"end":{"line":136,"column":null}},"14":{"start":{"line":136,"column":15},"end":{"line":136,"column":18}},"15":{"start":{"line":136,"column":37},"end":{"line":136,"column":null}},"16":{"start":{"line":137,"column":12},"end":{"line":137,"column":null}},"17":{"start":{"line":138,"column":10},"end":{"line":138,"column":null}},"18":{"start":{"line":139,"column":2},"end":{"line":139,"column":null}},"19":{"start":{"line":139,"column":15},"end":{"line":139,"column":18}},"20":{"start":{"line":139,"column":31},"end":{"line":139,"column":null}},"21":{"start":{"line":140,"column":2},"end":{"line":140,"column":null}},"22":{"start":{"line":143,"column":25},"end":{"line":143,"column":null}},"23":{"start":{"line":143,"column":31},"end":{"line":143,"column":null}},"24":{"start":{"line":144,"column":23},"end":{"line":144,"column":null}},"25":{"start":{"line":144,"column":29},"end":{"line":144,"column":null}},"26":{"start":{"line":145,"column":24},"end":{"line":145,"column":null}},"27":{"start":{"line":145,"column":30},"end":{"line":145,"column":null}},"28":{"start":{"line":146,"column":25},"end":{"line":146,"column":null}},"29":{"start":{"line":146,"column":31},"end":{"line":146,"column":null}},"30":{"start":{"line":148,"column":25},"end":{"line":152,"column":null}},"31":{"start":{"line":149,"column":2},"end":{"line":152,"column":null}},"32":{"start":{"line":154,"column":28},"end":{"line":154,"column":null}},"33":{"start":{"line":154,"column":52},"end":{"line":154,"column":null}},"34":{"start":{"line":156,"column":16},"end":{"line":157,"column":null}},"35":{"start":{"line":159,"column":16},"end":{"line":163,"column":null}},"36":{"start":{"line":230,"column":25},"end":{"line":230,"column":null}},"37":{"start":{"line":232,"column":13},"end":{"line":851,"column":null}},"38":{"start":{"line":232,"column":79},"end":{"line":819,"column":4}},"39":{"start":{"line":268,"column":4},"end":{"line":268,"column":null}},"40":{"start":{"line":269,"column":4},"end":{"line":269,"column":null}},"41":{"start":{"line":273,"column":4},"end":{"line":273,"column":null}},"42":{"start":{"line":274,"column":4},"end":{"line":274,"column":null}},"43":{"start":{"line":277,"column":20},"end":{"line":277,"column":null}},"44":{"start":{"line":277,"column":31},"end":{"line":277,"column":66}},"45":{"start":{"line":280,"column":29},"end":{"line":280,"column":null}},"46":{"start":{"line":281,"column":4},"end":{"line":281,"column":null}},"47":{"start":{"line":281,"column":50},"end":{"line":281,"column":null}},"48":{"start":{"line":282,"column":4},"end":{"line":282,"column":null}},"49":{"start":{"line":282,"column":61},"end":{"line":282,"column":null}},"50":{"start":{"line":283,"column":4},"end":{"line":283,"column":null}},"51":{"start":{"line":284,"column":4},"end":{"line":287,"column":null}},"52":{"start":{"line":288,"column":4},"end":{"line":288,"column":null}},"53":{"start":{"line":292,"column":4},"end":{"line":299,"column":null}},"54":{"start":{"line":293,"column":16},"end":{"line":293,"column":null}},"55":{"start":{"line":294,"column":17},"end":{"line":294,"column":null}},"56":{"start":{"line":295,"column":6},"end":{"line":295,"column":null}},"57":{"start":{"line":295,"column":31},"end":{"line":295,"column":null}},"58":{"start":{"line":296,"column":6},"end":{"line":296,"column":null}},"59":{"start":{"line":296,"column":42},"end":{"line":296,"column":null}},"60":{"start":{"line":297,"column":6},"end":{"line":297,"column":null}},"61":{"start":{"line":297,"column":52},"end":{"line":297,"column":null}},"62":{"start":{"line":298,"column":6},"end":{"line":298,"column":null}},"63":{"start":{"line":300,"column":4},"end":{"line":300,"column":null}},"64":{"start":{"line":304,"column":31},"end":{"line":304,"column":null}},"65":{"start":{"line":305,"column":4},"end":{"line":305,"column":null}},"66":{"start":{"line":305,"column":50},"end":{"line":305,"column":null}},"67":{"start":{"line":306,"column":4},"end":{"line":306,"column":null}},"68":{"start":{"line":306,"column":62},"end":{"line":306,"column":null}},"69":{"start":{"line":307,"column":4},"end":{"line":307,"column":null}},"70":{"start":{"line":308,"column":4},"end":{"line":311,"column":null}},"71":{"start":{"line":312,"column":4},"end":{"line":312,"column":null}},"72":{"start":{"line":316,"column":15},"end":{"line":316,"column":null}},"73":{"start":{"line":317,"column":4},"end":{"line":317,"column":null}},"74":{"start":{"line":317,"column":26},"end":{"line":317,"column":null}},"75":{"start":{"line":318,"column":19},"end":{"line":318,"column":null}},"76":{"start":{"line":319,"column":17},"end":{"line":319,"column":null}},"77":{"start":{"line":320,"column":19},"end":{"line":320,"column":null}},"78":{"start":{"line":321,"column":17},"end":{"line":321,"column":null}},"79":{"start":{"line":322,"column":15},"end":{"line":322,"column":null}},"80":{"start":{"line":323,"column":15},"end":{"line":323,"column":null}},"81":{"start":{"line":324,"column":15},"end":{"line":324,"column":null}},"82":{"start":{"line":325,"column":15},"end":{"line":325,"column":null}},"83":{"start":{"line":326,"column":18},"end":{"line":326,"column":null}},"84":{"start":{"line":327,"column":17},"end":{"line":327,"column":null}},"85":{"start":{"line":328,"column":21},"end":{"line":328,"column":null}},"86":{"start":{"line":329,"column":17},"end":{"line":329,"column":null}},"87":{"start":{"line":330,"column":17},"end":{"line":330,"column":null}},"88":{"start":{"line":331,"column":17},"end":{"line":331,"column":null}},"89":{"start":{"line":332,"column":17},"end":{"line":332,"column":null}},"90":{"start":{"line":334,"column":25},"end":{"line":334,"column":null}},"91":{"start":{"line":335,"column":4},"end":{"line":347,"column":null}},"92":{"start":{"line":335,"column":17},"end":{"line":347,"column":6}},"93":{"start":{"line":348,"column":4},"end":{"line":351,"column":null}},"94":{"start":{"line":355,"column":4},"end":{"line":366,"column":null}},"95":{"start":{"line":370,"column":15},"end":{"line":370,"column":null}},"96":{"start":{"line":371,"column":4},"end":{"line":371,"column":null}},"97":{"start":{"line":371,"column":33},"end":{"line":371,"column":null}},"98":{"start":{"line":372,"column":4},"end":{"line":372,"column":null}},"99":{"start":{"line":372,"column":39},"end":{"line":372,"column":null}},"100":{"start":{"line":375,"column":17},"end":{"line":375,"column":null}},"101":{"start":{"line":376,"column":4},"end":{"line":379,"column":null}},"102":{"start":{"line":377,"column":6},"end":{"line":377,"column":null}},"103":{"start":{"line":378,"column":6},"end":{"line":378,"column":null}},"104":{"start":{"line":381,"column":21},"end":{"line":381,"column":null}},"105":{"start":{"line":381,"column":44},"end":{"line":381,"column":63}},"106":{"start":{"line":382,"column":4},"end":{"line":382,"column":null}},"107":{"start":{"line":382,"column":19},"end":{"line":382,"column":null}},"108":{"start":{"line":383,"column":4},"end":{"line":383,"column":null}},"109":{"start":{"line":383,"column":39},"end":{"line":383,"column":null}},"110":{"start":{"line":384,"column":18},"end":{"line":384,"column":null}},"111":{"start":{"line":385,"column":21},"end":{"line":385,"column":null}},"112":{"start":{"line":386,"column":21},"end":{"line":386,"column":null}},"113":{"start":{"line":387,"column":21},"end":{"line":387,"column":null}},"114":{"start":{"line":388,"column":19},"end":{"line":388,"column":null}},"115":{"start":{"line":389,"column":15},"end":{"line":389,"column":39}},"116":{"start":{"line":389,"column":44},"end":{"line":389,"column":67}},"117":{"start":{"line":389,"column":72},"end":{"line":389,"column":null}},"118":{"start":{"line":390,"column":23},"end":{"line":390,"column":null}},"119":{"start":{"line":391,"column":18},"end":{"line":391,"column":null}},"120":{"start":{"line":392,"column":17},"end":{"line":392,"column":null}},"121":{"start":{"line":393,"column":17},"end":{"line":393,"column":null}},"122":{"start":{"line":394,"column":17},"end":{"line":394,"column":null}},"123":{"start":{"line":395,"column":17},"end":{"line":395,"column":null}},"124":{"start":{"line":397,"column":22},"end":{"line":401,"column":null}},"125":{"start":{"line":403,"column":4},"end":{"line":418,"column":null}},"126":{"start":{"line":403,"column":17},"end":{"line":418,"column":6}},"127":{"start":{"line":416,"column":41},"end":{"line":416,"column":103}},"128":{"start":{"line":420,"column":4},"end":{"line":423,"column":null}},"129":{"start":{"line":425,"column":4},"end":{"line":425,"column":null}},"130":{"start":{"line":429,"column":15},"end":{"line":429,"column":null}},"131":{"start":{"line":430,"column":17},"end":{"line":430,"column":null}},"132":{"start":{"line":430,"column":39},"end":{"line":430,"column":63}},"133":{"start":{"line":431,"column":4},"end":{"line":431,"column":null}},"134":{"start":{"line":431,"column":22},"end":{"line":431,"column":null}},"135":{"start":{"line":432,"column":20},"end":{"line":432,"column":null}},"136":{"start":{"line":432,"column":42},"end":{"line":432,"column":46}},"137":{"start":{"line":433,"column":4},"end":{"line":436,"column":null}},"138":{"start":{"line":433,"column":17},"end":{"line":436,"column":6}},"139":{"start":{"line":434,"column":35},"end":{"line":434,"column":119}},"140":{"start":{"line":437,"column":4},"end":{"line":437,"column":null}},"141":{"start":{"line":438,"column":4},"end":{"line":438,"column":null}},"142":{"start":{"line":442,"column":15},"end":{"line":442,"column":null}},"143":{"start":{"line":443,"column":17},"end":{"line":443,"column":null}},"144":{"start":{"line":443,"column":39},"end":{"line":443,"column":62}},"145":{"start":{"line":444,"column":4},"end":{"line":444,"column":null}},"146":{"start":{"line":444,"column":22},"end":{"line":444,"column":null}},"147":{"start":{"line":445,"column":20},"end":{"line":445,"column":null}},"148":{"start":{"line":445,"column":42},"end":{"line":445,"column":46}},"149":{"start":{"line":446,"column":4},"end":{"line":449,"column":null}},"150":{"start":{"line":446,"column":17},"end":{"line":449,"column":6}},"151":{"start":{"line":447,"column":35},"end":{"line":447,"column":117}},"152":{"start":{"line":450,"column":4},"end":{"line":453,"column":null}},"153":{"start":{"line":454,"column":4},"end":{"line":454,"column":null}},"154":{"start":{"line":458,"column":4},"end":{"line":462,"column":null}},"155":{"start":{"line":458,"column":17},"end":{"line":462,"column":6}},"156":{"start":{"line":465,"column":31},"end":{"line":465,"column":null}},"157":{"start":{"line":467,"column":31},"end":{"line":467,"column":null}},"158":{"start":{"line":470,"column":24},"end":{"line":479,"column":null}},"159":{"start":{"line":480,"column":4},"end":{"line":486,"column":null}},"160":{"start":{"line":481,"column":6},"end":{"line":481,"column":null}},"161":{"start":{"line":482,"column":6},"end":{"line":482,"column":null}},"162":{"start":{"line":484,"column":6},"end":{"line":484,"column":null}},"163":{"start":{"line":485,"column":6},"end":{"line":485,"column":null}},"164":{"start":{"line":492,"column":23},"end":{"line":492,"column":null}},"165":{"start":{"line":493,"column":4},"end":{"line":500,"column":null}},"166":{"start":{"line":501,"column":4},"end":{"line":505,"column":null}},"167":{"start":{"line":509,"column":4},"end":{"line":516,"column":null}},"168":{"start":{"line":510,"column":16},"end":{"line":510,"column":null}},"169":{"start":{"line":511,"column":17},"end":{"line":511,"column":null}},"170":{"start":{"line":512,"column":6},"end":{"line":512,"column":null}},"171":{"start":{"line":512,"column":31},"end":{"line":512,"column":null}},"172":{"start":{"line":513,"column":6},"end":{"line":513,"column":null}},"173":{"start":{"line":513,"column":42},"end":{"line":513,"column":null}},"174":{"start":{"line":514,"column":6},"end":{"line":514,"column":null}},"175":{"start":{"line":514,"column":52},"end":{"line":514,"column":null}},"176":{"start":{"line":515,"column":6},"end":{"line":515,"column":null}},"177":{"start":{"line":517,"column":4},"end":{"line":520,"column":null}},"178":{"start":{"line":524,"column":4},"end":{"line":524,"column":null}},"179":{"start":{"line":525,"column":4},"end":{"line":528,"column":null}},"180":{"start":{"line":532,"column":15},"end":{"line":532,"column":null}},"181":{"start":{"line":533,"column":15},"end":{"line":533,"column":null}},"182":{"start":{"line":534,"column":15},"end":{"line":534,"column":null}},"183":{"start":{"line":535,"column":15},"end":{"line":535,"column":null}},"184":{"start":{"line":536,"column":15},"end":{"line":536,"column":null}},"185":{"start":{"line":537,"column":18},"end":{"line":537,"column":null}},"186":{"start":{"line":538,"column":17},"end":{"line":538,"column":null}},"187":{"start":{"line":539,"column":21},"end":{"line":539,"column":null}},"188":{"start":{"line":540,"column":17},"end":{"line":540,"column":null}},"189":{"start":{"line":541,"column":17},"end":{"line":541,"column":null}},"190":{"start":{"line":542,"column":17},"end":{"line":542,"column":null}},"191":{"start":{"line":543,"column":17},"end":{"line":543,"column":null}},"192":{"start":{"line":545,"column":25},"end":{"line":545,"column":null}},"193":{"start":{"line":546,"column":4},"end":{"line":558,"column":null}},"194":{"start":{"line":546,"column":17},"end":{"line":558,"column":6}},"195":{"start":{"line":559,"column":4},"end":{"line":563,"column":null}},"196":{"start":{"line":567,"column":15},"end":{"line":567,"column":null}},"197":{"start":{"line":568,"column":21},"end":{"line":568,"column":null}},"198":{"start":{"line":568,"column":44},"end":{"line":568,"column":63}},"199":{"start":{"line":569,"column":4},"end":{"line":569,"column":null}},"200":{"start":{"line":569,"column":19},"end":{"line":569,"column":null}},"201":{"start":{"line":572,"column":17},"end":{"line":572,"column":null}},"202":{"start":{"line":574,"column":4},"end":{"line":583,"column":null}},"203":{"start":{"line":575,"column":6},"end":{"line":577,"column":null}},"204":{"start":{"line":575,"column":19},"end":{"line":577,"column":8}},"205":{"start":{"line":576,"column":43},"end":{"line":576,"column":105}},"206":{"start":{"line":578,"column":6},"end":{"line":581,"column":null}},"207":{"start":{"line":582,"column":6},"end":{"line":582,"column":null}},"208":{"start":{"line":585,"column":18},"end":{"line":585,"column":null}},"209":{"start":{"line":586,"column":21},"end":{"line":586,"column":null}},"210":{"start":{"line":587,"column":21},"end":{"line":587,"column":null}},"211":{"start":{"line":588,"column":21},"end":{"line":588,"column":null}},"212":{"start":{"line":589,"column":19},"end":{"line":589,"column":null}},"213":{"start":{"line":590,"column":15},"end":{"line":590,"column":39}},"214":{"start":{"line":590,"column":44},"end":{"line":590,"column":67}},"215":{"start":{"line":590,"column":72},"end":{"line":590,"column":null}},"216":{"start":{"line":591,"column":23},"end":{"line":591,"column":null}},"217":{"start":{"line":592,"column":18},"end":{"line":592,"column":null}},"218":{"start":{"line":593,"column":17},"end":{"line":593,"column":null}},"219":{"start":{"line":594,"column":17},"end":{"line":594,"column":null}},"220":{"start":{"line":595,"column":17},"end":{"line":595,"column":null}},"221":{"start":{"line":596,"column":17},"end":{"line":596,"column":null}},"222":{"start":{"line":598,"column":22},"end":{"line":602,"column":null}},"223":{"start":{"line":604,"column":4},"end":{"line":619,"column":null}},"224":{"start":{"line":604,"column":17},"end":{"line":619,"column":6}},"225":{"start":{"line":617,"column":41},"end":{"line":617,"column":103}},"226":{"start":{"line":621,"column":4},"end":{"line":625,"column":null}},"227":{"start":{"line":629,"column":4},"end":{"line":636,"column":null}},"228":{"start":{"line":629,"column":17},"end":{"line":636,"column":6}},"229":{"start":{"line":631,"column":8},"end":{"line":633,"column":null}},"230":{"start":{"line":637,"column":4},"end":{"line":640,"column":null}},"231":{"start":{"line":643,"column":21},"end":{"line":643,"column":null}},"232":{"start":{"line":643,"column":32},"end":{"line":643,"column":74}},"233":{"start":{"line":644,"column":31},"end":{"line":644,"column":null}},"234":{"start":{"line":647,"column":4},"end":{"line":659,"column":null}},"235":{"start":{"line":660,"column":4},"end":{"line":660,"column":null}},"236":{"start":{"line":664,"column":21},"end":{"line":664,"column":null}},"237":{"start":{"line":665,"column":27},"end":{"line":665,"column":null}},"238":{"start":{"line":666,"column":27},"end":{"line":666,"column":null}},"239":{"start":{"line":667,"column":26},"end":{"line":667,"column":null}},"240":{"start":{"line":668,"column":21},"end":{"line":668,"column":null}},"241":{"start":{"line":670,"column":22},"end":{"line":670,"column":null}},"242":{"start":{"line":671,"column":4},"end":{"line":671,"column":null}},"243":{"start":{"line":671,"column":24},"end":{"line":671,"column":null}},"244":{"start":{"line":672,"column":4},"end":{"line":672,"column":null}},"245":{"start":{"line":672,"column":42},"end":{"line":672,"column":null}},"246":{"start":{"line":673,"column":4},"end":{"line":673,"column":null}},"247":{"start":{"line":673,"column":59},"end":{"line":673,"column":null}},"248":{"start":{"line":674,"column":4},"end":{"line":674,"column":null}},"249":{"start":{"line":674,"column":18},"end":{"line":674,"column":null}},"250":{"start":{"line":676,"column":30},"end":{"line":680,"column":null}},"251":{"start":{"line":682,"column":4},"end":{"line":699,"column":null}},"252":{"start":{"line":703,"column":15},"end":{"line":703,"column":null}},"253":{"start":{"line":704,"column":15},"end":{"line":704,"column":null}},"254":{"start":{"line":705,"column":15},"end":{"line":705,"column":null}},"255":{"start":{"line":706,"column":15},"end":{"line":706,"column":null}},"256":{"start":{"line":707,"column":18},"end":{"line":707,"column":null}},"257":{"start":{"line":708,"column":17},"end":{"line":708,"column":null}},"258":{"start":{"line":711,"column":15},"end":{"line":711,"column":null}},"259":{"start":{"line":712,"column":21},"end":{"line":712,"column":null}},"260":{"start":{"line":713,"column":19},"end":{"line":713,"column":null}},"261":{"start":{"line":714,"column":19},"end":{"line":714,"column":null}},"262":{"start":{"line":715,"column":19},"end":{"line":715,"column":null}},"263":{"start":{"line":716,"column":19},"end":{"line":716,"column":null}},"264":{"start":{"line":718,"column":21},"end":{"line":722,"column":null}},"265":{"start":{"line":719,"column":6},"end":{"line":722,"column":null}},"266":{"start":{"line":724,"column":34},"end":{"line":724,"column":null}},"267":{"start":{"line":725,"column":28},"end":{"line":725,"column":null}},"268":{"start":{"line":726,"column":25},"end":{"line":726,"column":null}},"269":{"start":{"line":728,"column":4},"end":{"line":789,"column":null}},"270":{"start":{"line":729,"column":16},"end":{"line":729,"column":null}},"271":{"start":{"line":730,"column":17},"end":{"line":730,"column":null}},"272":{"start":{"line":732,"column":8},"end":{"line":733,"column":null}},"273":{"start":{"line":734,"column":19},"end":{"line":734,"column":null}},"274":{"start":{"line":736,"column":27},"end":{"line":747,"column":null}},"275":{"start":{"line":748,"column":6},"end":{"line":748,"column":null}},"276":{"start":{"line":751,"column":6},"end":{"line":788,"column":null}},"277":{"start":{"line":755,"column":8},"end":{"line":755,"column":null}},"278":{"start":{"line":756,"column":22},"end":{"line":756,"column":null}},"279":{"start":{"line":757,"column":21},"end":{"line":757,"column":null}},"280":{"start":{"line":758,"column":8},"end":{"line":787,"column":null}},"281":{"start":{"line":759,"column":25},"end":{"line":759,"column":null}},"282":{"start":{"line":760,"column":23},"end":{"line":760,"column":36}},"283":{"start":{"line":760,"column":43},"end":{"line":760,"column":56}},"284":{"start":{"line":760,"column":63},"end":{"line":760,"column":null}},"285":{"start":{"line":761,"column":22},"end":{"line":761,"column":36}},"286":{"start":{"line":761,"column":42},"end":{"line":761,"column":56}},"287":{"start":{"line":761,"column":62},"end":{"line":761,"column":null}},"288":{"start":{"line":762,"column":24},"end":{"line":762,"column":null}},"289":{"start":{"line":763,"column":25},"end":{"line":763,"column":null}},"290":{"start":{"line":764,"column":25},"end":{"line":764,"column":null}},"291":{"start":{"line":765,"column":25},"end":{"line":765,"column":null}},"292":{"start":{"line":766,"column":25},"end":{"line":766,"column":null}},"293":{"start":{"line":767,"column":25},"end":{"line":767,"column":null}},"294":{"start":{"line":769,"column":28},"end":{"line":785,"column":null}},"295":{"start":{"line":786,"column":10},"end":{"line":786,"column":null}},"296":{"start":{"line":792,"column":21},"end":{"line":792,"column":null}},"297":{"start":{"line":793,"column":4},"end":{"line":798,"column":null}},"298":{"start":{"line":794,"column":6},"end":{"line":794,"column":null}},"299":{"start":{"line":795,"column":6},"end":{"line":795,"column":null}},"300":{"start":{"line":796,"column":6},"end":{"line":796,"column":null}},"301":{"start":{"line":797,"column":6},"end":{"line":797,"column":null}},"302":{"start":{"line":799,"column":4},"end":{"line":804,"column":null}},"303":{"start":{"line":800,"column":6},"end":{"line":800,"column":null}},"304":{"start":{"line":801,"column":6},"end":{"line":801,"column":null}},"305":{"start":{"line":802,"column":6},"end":{"line":802,"column":null}},"306":{"start":{"line":803,"column":6},"end":{"line":803,"column":null}},"307":{"start":{"line":806,"column":25},"end":{"line":806,"column":null}},"308":{"start":{"line":807,"column":23},"end":{"line":807,"column":null}},"309":{"start":{"line":807,"column":47},"end":{"line":807,"column":61}},"310":{"start":{"line":809,"column":4},"end":{"line":817,"column":null}},"311":{"start":{"line":822,"column":19},"end":{"line":829,"column":null}},"312":{"start":{"line":830,"column":4},"end":{"line":848,"column":null}},"313":{"start":{"line":831,"column":6},"end":{"line":847,"column":null}},"314":{"start":{"line":849,"column":4},"end":{"line":849,"column":null}}},"fnMap":{"0":{"name":"getTier","decl":{"start":{"line":127,"column":16},"end":{"line":127,"column":24}},"loc":{"start":{"line":127,"column":39},"end":{"line":132,"column":null}},"line":127},"1":{"name":"fakePubkey","decl":{"start":{"line":134,"column":16},"end":{"line":134,"column":27}},"loc":{"start":{"line":134,"column":46},"end":{"line":141,"column":null}},"line":134},"2":{"name":"(anonymous_2)","decl":{"start":{"line":143,"column":25},"end":{"line":143,"column":31}},"loc":{"start":{"line":143,"column":31},"end":{"line":143,"column":null}},"line":143},"3":{"name":"(anonymous_3)","decl":{"start":{"line":144,"column":23},"end":{"line":144,"column":29}},"loc":{"start":{"line":144,"column":29},"end":{"line":144,"column":null}},"line":144},"4":{"name":"(anonymous_4)","decl":{"start":{"line":145,"column":24},"end":{"line":145,"column":30}},"loc":{"start":{"line":145,"column":30},"end":{"line":145,"column":null}},"line":145},"5":{"name":"(anonymous_5)","decl":{"start":{"line":146,"column":25},"end":{"line":146,"column":31}},"loc":{"start":{"line":146,"column":31},"end":{"line":146,"column":null}},"line":146},"6":{"name":"(anonymous_6)","decl":{"start":{"line":148,"column":25},"end":{"line":148,"column":26}},"loc":{"start":{"line":149,"column":2},"end":{"line":152,"column":null}},"line":149},"7":{"name":"(anonymous_7)","decl":{"start":{"line":154,"column":28},"end":{"line":154,"column":29}},"loc":{"start":{"line":154,"column":52},"end":{"line":154,"column":null}},"line":154},"8":{"name":"(anonymous_8)","decl":{"start":{"line":156,"column":16},"end":{"line":156,"column":null}},"loc":{"start":{"line":156,"column":16},"end":{"line":157,"column":null}},"line":156},"9":{"name":"(anonymous_9)","decl":{"start":{"line":159,"column":16},"end":{"line":159,"column":null}},"loc":{"start":{"line":159,"column":16},"end":{"line":163,"column":null}},"line":159},"10":{"name":"(anonymous_10)","decl":{"start":{"line":232,"column":64},"end":{"line":232,"column":65}},"loc":{"start":{"line":232,"column":79},"end":{"line":819,"column":4}},"line":232},"11":{"name":"(anonymous_11)","decl":{"start":{"line":267,"column":12},"end":{"line":267,"column":18}},"loc":{"start":{"line":267,"column":18},"end":{"line":270,"column":null}},"line":267},"12":{"name":"(anonymous_12)","decl":{"start":{"line":272,"column":12},"end":{"line":272,"column":18}},"loc":{"start":{"line":272,"column":18},"end":{"line":275,"column":null}},"line":272},"13":{"name":"(anonymous_13)","decl":{"start":{"line":277,"column":14},"end":{"line":277,"column":20}},"loc":{"start":{"line":277,"column":20},"end":{"line":277,"column":null}},"line":277},"14":{"name":"(anonymous_14)","decl":{"start":{"line":277,"column":24},"end":{"line":277,"column":31}},"loc":{"start":{"line":277,"column":31},"end":{"line":277,"column":66}},"line":277},"15":{"name":"(anonymous_15)","decl":{"start":{"line":279,"column":12},"end":{"line":279,"column":18}},"loc":{"start":{"line":279,"column":18},"end":{"line":289,"column":null}},"line":279},"16":{"name":"(anonymous_16)","decl":{"start":{"line":291,"column":17},"end":{"line":291,"column":25}},"loc":{"start":{"line":291,"column":25},"end":{"line":301,"column":null}},"line":291},"17":{"name":"(anonymous_17)","decl":{"start":{"line":292,"column":8},"end":{"line":292,"column":14}},"loc":{"start":{"line":292,"column":14},"end":{"line":299,"column":5}},"line":292},"18":{"name":"(anonymous_18)","decl":{"start":{"line":303,"column":18},"end":{"line":303,"column":24}},"loc":{"start":{"line":303,"column":24},"end":{"line":313,"column":null}},"line":303},"19":{"name":"(anonymous_19)","decl":{"start":{"line":315,"column":15},"end":{"line":315,"column":16}},"loc":{"start":{"line":315,"column":51},"end":{"line":352,"column":null}},"line":315},"20":{"name":"(anonymous_20)","decl":{"start":{"line":335,"column":8},"end":{"line":335,"column":17}},"loc":{"start":{"line":335,"column":17},"end":{"line":347,"column":6}},"line":335},"21":{"name":"(anonymous_21)","decl":{"start":{"line":354,"column":18},"end":{"line":354,"column":24}},"loc":{"start":{"line":354,"column":24},"end":{"line":367,"column":null}},"line":354},"22":{"name":"(anonymous_22)","decl":{"start":{"line":369,"column":13},"end":{"line":369,"column":14}},"loc":{"start":{"line":369,"column":54},"end":{"line":426,"column":null}},"line":369},"23":{"name":"(anonymous_23)","decl":{"start":{"line":381,"column":39},"end":{"line":381,"column":44}},"loc":{"start":{"line":381,"column":44},"end":{"line":381,"column":63}},"line":381},"24":{"name":"(anonymous_24)","decl":{"start":{"line":403,"column":8},"end":{"line":403,"column":17}},"loc":{"start":{"line":403,"column":17},"end":{"line":418,"column":6}},"line":403},"25":{"name":"(anonymous_25)","decl":{"start":{"line":416,"column":36},"end":{"line":416,"column":41}},"loc":{"start":{"line":416,"column":41},"end":{"line":416,"column":103}},"line":416},"26":{"name":"(anonymous_26)","decl":{"start":{"line":428,"column":17},"end":{"line":428,"column":23}},"loc":{"start":{"line":428,"column":23},"end":{"line":439,"column":null}},"line":428},"27":{"name":"(anonymous_27)","decl":{"start":{"line":430,"column":34},"end":{"line":430,"column":39}},"loc":{"start":{"line":430,"column":39},"end":{"line":430,"column":63}},"line":430},"28":{"name":"(anonymous_28)","decl":{"start":{"line":432,"column":37},"end":{"line":432,"column":42}},"loc":{"start":{"line":432,"column":42},"end":{"line":432,"column":46}},"line":432},"29":{"name":"(anonymous_29)","decl":{"start":{"line":433,"column":8},"end":{"line":433,"column":17}},"loc":{"start":{"line":433,"column":17},"end":{"line":436,"column":6}},"line":433},"30":{"name":"(anonymous_30)","decl":{"start":{"line":434,"column":30},"end":{"line":434,"column":35}},"loc":{"start":{"line":434,"column":35},"end":{"line":434,"column":119}},"line":434},"31":{"name":"(anonymous_31)","decl":{"start":{"line":441,"column":16},"end":{"line":441,"column":22}},"loc":{"start":{"line":441,"column":22},"end":{"line":455,"column":null}},"line":441},"32":{"name":"(anonymous_32)","decl":{"start":{"line":443,"column":34},"end":{"line":443,"column":39}},"loc":{"start":{"line":443,"column":39},"end":{"line":443,"column":62}},"line":443},"33":{"name":"(anonymous_33)","decl":{"start":{"line":445,"column":37},"end":{"line":445,"column":42}},"loc":{"start":{"line":445,"column":42},"end":{"line":445,"column":46}},"line":445},"34":{"name":"(anonymous_34)","decl":{"start":{"line":446,"column":8},"end":{"line":446,"column":17}},"loc":{"start":{"line":446,"column":17},"end":{"line":449,"column":6}},"line":446},"35":{"name":"(anonymous_35)","decl":{"start":{"line":447,"column":30},"end":{"line":447,"column":35}},"loc":{"start":{"line":447,"column":35},"end":{"line":447,"column":117}},"line":447},"36":{"name":"(anonymous_36)","decl":{"start":{"line":457,"column":10},"end":{"line":457,"column":11}},"loc":{"start":{"line":457,"column":65},"end":{"line":463,"column":null}},"line":457},"37":{"name":"(anonymous_37)","decl":{"start":{"line":458,"column":8},"end":{"line":458,"column":17}},"loc":{"start":{"line":458,"column":17},"end":{"line":462,"column":6}},"line":458},"38":{"name":"(anonymous_38)","decl":{"start":{"line":465,"column":23},"end":{"line":465,"column":31}},"loc":{"start":{"line":465,"column":31},"end":{"line":465,"column":null}},"line":465},"39":{"name":"(anonymous_39)","decl":{"start":{"line":467,"column":22},"end":{"line":467,"column":31}},"loc":{"start":{"line":467,"column":31},"end":{"line":467,"column":null}},"line":467},"40":{"name":"(anonymous_40)","decl":{"start":{"line":469,"column":23},"end":{"line":469,"column":31}},"loc":{"start":{"line":469,"column":31},"end":{"line":487,"column":null}},"line":469},"41":{"name":"(anonymous_41)","decl":{"start":{"line":491,"column":19},"end":{"line":491,"column":20}},"loc":{"start":{"line":491,"column":77},"end":{"line":506,"column":null}},"line":491},"42":{"name":"(anonymous_42)","decl":{"start":{"line":508,"column":18},"end":{"line":508,"column":19}},"loc":{"start":{"line":508,"column":40},"end":{"line":521,"column":null}},"line":508},"43":{"name":"(anonymous_43)","decl":{"start":{"line":509,"column":8},"end":{"line":509,"column":14}},"loc":{"start":{"line":509,"column":14},"end":{"line":516,"column":5}},"line":509},"44":{"name":"(anonymous_44)","decl":{"start":{"line":523,"column":19},"end":{"line":523,"column":20}},"loc":{"start":{"line":523,"column":41},"end":{"line":529,"column":null}},"line":523},"45":{"name":"(anonymous_45)","decl":{"start":{"line":531,"column":22},"end":{"line":531,"column":23}},"loc":{"start":{"line":531,"column":63},"end":{"line":564,"column":null}},"line":531},"46":{"name":"(anonymous_46)","decl":{"start":{"line":546,"column":8},"end":{"line":546,"column":17}},"loc":{"start":{"line":546,"column":17},"end":{"line":558,"column":6}},"line":546},"47":{"name":"(anonymous_47)","decl":{"start":{"line":566,"column":18},"end":{"line":566,"column":19}},"loc":{"start":{"line":566,"column":65},"end":{"line":626,"column":null}},"line":566},"48":{"name":"(anonymous_48)","decl":{"start":{"line":568,"column":39},"end":{"line":568,"column":44}},"loc":{"start":{"line":568,"column":44},"end":{"line":568,"column":63}},"line":568},"49":{"name":"(anonymous_49)","decl":{"start":{"line":575,"column":10},"end":{"line":575,"column":19}},"loc":{"start":{"line":575,"column":19},"end":{"line":577,"column":8}},"line":575},"50":{"name":"(anonymous_50)","decl":{"start":{"line":576,"column":38},"end":{"line":576,"column":43}},"loc":{"start":{"line":576,"column":43},"end":{"line":576,"column":105}},"line":576},"51":{"name":"(anonymous_51)","decl":{"start":{"line":604,"column":8},"end":{"line":604,"column":17}},"loc":{"start":{"line":604,"column":17},"end":{"line":619,"column":6}},"line":604},"52":{"name":"(anonymous_52)","decl":{"start":{"line":617,"column":36},"end":{"line":617,"column":41}},"loc":{"start":{"line":617,"column":41},"end":{"line":617,"column":103}},"line":617},"53":{"name":"(anonymous_53)","decl":{"start":{"line":628,"column":17},"end":{"line":628,"column":18}},"loc":{"start":{"line":628,"column":46},"end":{"line":641,"column":null}},"line":628},"54":{"name":"(anonymous_54)","decl":{"start":{"line":629,"column":8},"end":{"line":629,"column":17}},"loc":{"start":{"line":629,"column":17},"end":{"line":636,"column":6}},"line":629},"55":{"name":"(anonymous_55)","decl":{"start":{"line":630,"column":30},"end":{"line":630,"column":null}},"loc":{"start":{"line":631,"column":8},"end":{"line":633,"column":null}},"line":631},"56":{"name":"(anonymous_56)","decl":{"start":{"line":643,"column":15},"end":{"line":643,"column":21}},"loc":{"start":{"line":643,"column":21},"end":{"line":643,"column":null}},"line":643},"57":{"name":"(anonymous_57)","decl":{"start":{"line":643,"column":25},"end":{"line":643,"column":32}},"loc":{"start":{"line":643,"column":32},"end":{"line":643,"column":74}},"line":643},"58":{"name":"(anonymous_58)","decl":{"start":{"line":644,"column":19},"end":{"line":644,"column":31}},"loc":{"start":{"line":644,"column":31},"end":{"line":644,"column":null}},"line":644},"59":{"name":"(anonymous_59)","decl":{"start":{"line":646,"column":12},"end":{"line":646,"column":18}},"loc":{"start":{"line":646,"column":18},"end":{"line":661,"column":null}},"line":646},"60":{"name":"(anonymous_60)","decl":{"start":{"line":663,"column":23},"end":{"line":663,"column":24}},"loc":{"start":{"line":663,"column":54},"end":{"line":700,"column":null}},"line":663},"61":{"name":"(anonymous_61)","decl":{"start":{"line":702,"column":31},"end":{"line":702,"column":32}},"loc":{"start":{"line":702,"column":68},"end":{"line":818,"column":null}},"line":702},"62":{"name":"(anonymous_62)","decl":{"start":{"line":718,"column":21},"end":{"line":718,"column":22}},"loc":{"start":{"line":719,"column":6},"end":{"line":722,"column":null}},"line":719},"63":{"name":"(anonymous_63)","decl":{"start":{"line":807,"column":37},"end":{"line":807,"column":38}},"loc":{"start":{"line":807,"column":47},"end":{"line":807,"column":61}},"line":807},"64":{"name":"(anonymous_64)","decl":{"start":{"line":821,"column":15},"end":{"line":821,"column":25}},"loc":{"start":{"line":821,"column":25},"end":{"line":850,"column":null}},"line":821}},"branchMap":{"0":{"loc":{"start":{"line":129,"column":4},"end":{"line":129,"column":null}},"type":"if","locations":[{"start":{"line":129,"column":4},"end":{"line":129,"column":null}},{"start":{},"end":{}}],"line":129},"1":{"loc":{"start":{"line":129,"column":8},"end":{"line":129,"column":42}},"type":"binary-expr","locations":[{"start":{"line":129,"column":8},"end":{"line":129,"column":26}},{"start":{"line":129,"column":26},"end":{"line":129,"column":42}}],"line":129},"2":{"loc":{"start":{"line":148,"column":37},"end":{"line":148,"column":null}},"type":"default-arg","locations":[{"start":{"line":148,"column":41},"end":{"line":148,"column":null}}],"line":148},"3":{"loc":{"start":{"line":281,"column":4},"end":{"line":281,"column":null}},"type":"if","locations":[{"start":{"line":281,"column":4},"end":{"line":281,"column":null}},{"start":{},"end":{}}],"line":281},"4":{"loc":{"start":{"line":281,"column":8},"end":{"line":281,"column":50}},"type":"binary-expr","locations":[{"start":{"line":281,"column":8},"end":{"line":281,"column":29}},{"start":{"line":281,"column":29},"end":{"line":281,"column":50}}],"line":281},"5":{"loc":{"start":{"line":282,"column":4},"end":{"line":282,"column":null}},"type":"if","locations":[{"start":{"line":282,"column":4},"end":{"line":282,"column":null}},{"start":{},"end":{}}],"line":282},"6":{"loc":{"start":{"line":295,"column":6},"end":{"line":295,"column":null}},"type":"if","locations":[{"start":{"line":295,"column":6},"end":{"line":295,"column":null}},{"start":{},"end":{}}],"line":295},"7":{"loc":{"start":{"line":295,"column":10},"end":{"line":295,"column":31}},"type":"binary-expr","locations":[{"start":{"line":295,"column":10},"end":{"line":295,"column":21}},{"start":{"line":295,"column":21},"end":{"line":295,"column":31}}],"line":295},"8":{"loc":{"start":{"line":296,"column":6},"end":{"line":296,"column":null}},"type":"if","locations":[{"start":{"line":296,"column":6},"end":{"line":296,"column":null}},{"start":{},"end":{}}],"line":296},"9":{"loc":{"start":{"line":296,"column":10},"end":{"line":296,"column":42}},"type":"binary-expr","locations":[{"start":{"line":296,"column":10},"end":{"line":296,"column":21}},{"start":{"line":296,"column":21},"end":{"line":296,"column":32}},{"start":{"line":296,"column":32},"end":{"line":296,"column":42}}],"line":296},"10":{"loc":{"start":{"line":297,"column":6},"end":{"line":297,"column":null}},"type":"if","locations":[{"start":{"line":297,"column":6},"end":{"line":297,"column":null}},{"start":{},"end":{}}],"line":297},"11":{"loc":{"start":{"line":297,"column":10},"end":{"line":297,"column":52}},"type":"binary-expr","locations":[{"start":{"line":297,"column":10},"end":{"line":297,"column":21}},{"start":{"line":297,"column":21},"end":{"line":297,"column":32}},{"start":{"line":297,"column":32},"end":{"line":297,"column":42}},{"start":{"line":297,"column":42},"end":{"line":297,"column":52}}],"line":297},"12":{"loc":{"start":{"line":305,"column":4},"end":{"line":305,"column":null}},"type":"if","locations":[{"start":{"line":305,"column":4},"end":{"line":305,"column":null}},{"start":{},"end":{}}],"line":305},"13":{"loc":{"start":{"line":305,"column":8},"end":{"line":305,"column":50}},"type":"binary-expr","locations":[{"start":{"line":305,"column":8},"end":{"line":305,"column":29}},{"start":{"line":305,"column":29},"end":{"line":305,"column":50}}],"line":305},"14":{"loc":{"start":{"line":306,"column":4},"end":{"line":306,"column":null}},"type":"if","locations":[{"start":{"line":306,"column":4},"end":{"line":306,"column":null}},{"start":{},"end":{}}],"line":306},"15":{"loc":{"start":{"line":306,"column":8},"end":{"line":306,"column":62}},"type":"binary-expr","locations":[{"start":{"line":306,"column":8},"end":{"line":306,"column":27}},{"start":{"line":306,"column":27},"end":{"line":306,"column":46}},{"start":{"line":306,"column":46},"end":{"line":306,"column":62}}],"line":306},"16":{"loc":{"start":{"line":317,"column":4},"end":{"line":317,"column":null}},"type":"if","locations":[{"start":{"line":317,"column":4},"end":{"line":317,"column":null}},{"start":{},"end":{}}],"line":317},"17":{"loc":{"start":{"line":319,"column":17},"end":{"line":319,"column":null}},"type":"binary-expr","locations":[{"start":{"line":319,"column":17},"end":{"line":319,"column":29}},{"start":{"line":319,"column":29},"end":{"line":319,"column":null}}],"line":319},"18":{"loc":{"start":{"line":320,"column":19},"end":{"line":320,"column":null}},"type":"binary-expr","locations":[{"start":{"line":320,"column":19},"end":{"line":320,"column":33}},{"start":{"line":320,"column":33},"end":{"line":320,"column":null}}],"line":320},"19":{"loc":{"start":{"line":321,"column":17},"end":{"line":321,"column":null}},"type":"binary-expr","locations":[{"start":{"line":321,"column":17},"end":{"line":321,"column":29}},{"start":{"line":321,"column":29},"end":{"line":321,"column":null}}],"line":321},"20":{"loc":{"start":{"line":371,"column":4},"end":{"line":371,"column":null}},"type":"if","locations":[{"start":{"line":371,"column":4},"end":{"line":371,"column":null}},{"start":{},"end":{}}],"line":371},"21":{"loc":{"start":{"line":371,"column":8},"end":{"line":371,"column":33}},"type":"binary-expr","locations":[{"start":{"line":371,"column":8},"end":{"line":371,"column":21}},{"start":{"line":371,"column":21},"end":{"line":371,"column":33}}],"line":371},"22":{"loc":{"start":{"line":372,"column":4},"end":{"line":372,"column":null}},"type":"if","locations":[{"start":{"line":372,"column":4},"end":{"line":372,"column":null}},{"start":{},"end":{}}],"line":372},"23":{"loc":{"start":{"line":372,"column":8},"end":{"line":372,"column":39}},"type":"binary-expr","locations":[{"start":{"line":372,"column":8},"end":{"line":372,"column":21}},{"start":{"line":372,"column":21},"end":{"line":372,"column":39}}],"line":372},"24":{"loc":{"start":{"line":375,"column":17},"end":{"line":375,"column":null}},"type":"cond-expr","locations":[{"start":{"line":375,"column":29},"end":{"line":375,"column":40}},{"start":{"line":375,"column":40},"end":{"line":375,"column":null}}],"line":375},"25":{"loc":{"start":{"line":376,"column":4},"end":{"line":379,"column":null}},"type":"if","locations":[{"start":{"line":376,"column":4},"end":{"line":379,"column":null}},{"start":{},"end":{}}],"line":376},"26":{"loc":{"start":{"line":382,"column":4},"end":{"line":382,"column":null}},"type":"if","locations":[{"start":{"line":382,"column":4},"end":{"line":382,"column":null}},{"start":{},"end":{}}],"line":382},"27":{"loc":{"start":{"line":383,"column":4},"end":{"line":383,"column":null}},"type":"if","locations":[{"start":{"line":383,"column":4},"end":{"line":383,"column":null}},{"start":{},"end":{}}],"line":383},"28":{"loc":{"start":{"line":398,"column":38},"end":{"line":398,"column":85}},"type":"binary-expr","locations":[{"start":{"line":398,"column":38},"end":{"line":398,"column":56}},{"start":{"line":398,"column":56},"end":{"line":398,"column":85}}],"line":398},"29":{"loc":{"start":{"line":398,"column":93},"end":{"line":398,"column":null}},"type":"binary-expr","locations":[{"start":{"line":398,"column":93},"end":{"line":398,"column":113}},{"start":{"line":398,"column":113},"end":{"line":398,"column":null}}],"line":398},"30":{"loc":{"start":{"line":416,"column":41},"end":{"line":416,"column":103}},"type":"cond-expr","locations":[{"start":{"line":416,"column":63},"end":{"line":416,"column":102}},{"start":{"line":416,"column":102},"end":{"line":416,"column":103}}],"line":416},"31":{"loc":{"start":{"line":431,"column":4},"end":{"line":431,"column":null}},"type":"if","locations":[{"start":{"line":431,"column":4},"end":{"line":431,"column":null}},{"start":{},"end":{}}],"line":431},"32":{"loc":{"start":{"line":434,"column":35},"end":{"line":434,"column":119}},"type":"cond-expr","locations":[{"start":{"line":434,"column":55},"end":{"line":434,"column":118}},{"start":{"line":434,"column":118},"end":{"line":434,"column":119}}],"line":434},"33":{"loc":{"start":{"line":444,"column":4},"end":{"line":444,"column":null}},"type":"if","locations":[{"start":{"line":444,"column":4},"end":{"line":444,"column":null}},{"start":{},"end":{}}],"line":444},"34":{"loc":{"start":{"line":447,"column":35},"end":{"line":447,"column":117}},"type":"cond-expr","locations":[{"start":{"line":447,"column":55},"end":{"line":447,"column":116}},{"start":{"line":447,"column":116},"end":{"line":447,"column":117}}],"line":447},"35":{"loc":{"start":{"line":457,"column":36},"end":{"line":457,"column":49}},"type":"default-arg","locations":[{"start":{"line":457,"column":45},"end":{"line":457,"column":49}}],"line":457},"36":{"loc":{"start":{"line":460,"column":23},"end":{"line":460,"column":null}},"type":"binary-expr","locations":[{"start":{"line":460,"column":23},"end":{"line":460,"column":38}},{"start":{"line":460,"column":38},"end":{"line":460,"column":null}}],"line":460},"37":{"loc":{"start":{"line":480,"column":4},"end":{"line":486,"column":null}},"type":"if","locations":[{"start":{"line":480,"column":4},"end":{"line":486,"column":null}},{"start":{"line":483,"column":11},"end":{"line":486,"column":null}}],"line":480},"38":{"loc":{"start":{"line":496,"column":10},"end":{"line":496,"column":null}},"type":"binary-expr","locations":[{"start":{"line":496,"column":10},"end":{"line":496,"column":30}},{"start":{"line":496,"column":30},"end":{"line":496,"column":null}}],"line":496},"39":{"loc":{"start":{"line":497,"column":10},"end":{"line":497,"column":null}},"type":"binary-expr","locations":[{"start":{"line":497,"column":10},"end":{"line":497,"column":29}},{"start":{"line":497,"column":29},"end":{"line":497,"column":null}}],"line":497},"40":{"loc":{"start":{"line":498,"column":10},"end":{"line":498,"column":null}},"type":"binary-expr","locations":[{"start":{"line":498,"column":10},"end":{"line":498,"column":29}},{"start":{"line":498,"column":29},"end":{"line":498,"column":null}}],"line":498},"41":{"loc":{"start":{"line":499,"column":10},"end":{"line":499,"column":null}},"type":"binary-expr","locations":[{"start":{"line":499,"column":10},"end":{"line":499,"column":33}},{"start":{"line":499,"column":33},"end":{"line":499,"column":null}}],"line":499},"42":{"loc":{"start":{"line":512,"column":6},"end":{"line":512,"column":null}},"type":"if","locations":[{"start":{"line":512,"column":6},"end":{"line":512,"column":null}},{"start":{},"end":{}}],"line":512},"43":{"loc":{"start":{"line":512,"column":10},"end":{"line":512,"column":31}},"type":"binary-expr","locations":[{"start":{"line":512,"column":10},"end":{"line":512,"column":21}},{"start":{"line":512,"column":21},"end":{"line":512,"column":31}}],"line":512},"44":{"loc":{"start":{"line":513,"column":6},"end":{"line":513,"column":null}},"type":"if","locations":[{"start":{"line":513,"column":6},"end":{"line":513,"column":null}},{"start":{},"end":{}}],"line":513},"45":{"loc":{"start":{"line":513,"column":10},"end":{"line":513,"column":42}},"type":"binary-expr","locations":[{"start":{"line":513,"column":10},"end":{"line":513,"column":21}},{"start":{"line":513,"column":21},"end":{"line":513,"column":32}},{"start":{"line":513,"column":32},"end":{"line":513,"column":42}}],"line":513},"46":{"loc":{"start":{"line":514,"column":6},"end":{"line":514,"column":null}},"type":"if","locations":[{"start":{"line":514,"column":6},"end":{"line":514,"column":null}},{"start":{},"end":{}}],"line":514},"47":{"loc":{"start":{"line":514,"column":10},"end":{"line":514,"column":52}},"type":"binary-expr","locations":[{"start":{"line":514,"column":10},"end":{"line":514,"column":21}},{"start":{"line":514,"column":21},"end":{"line":514,"column":32}},{"start":{"line":514,"column":32},"end":{"line":514,"column":42}},{"start":{"line":514,"column":42},"end":{"line":514,"column":52}}],"line":514},"48":{"loc":{"start":{"line":569,"column":4},"end":{"line":569,"column":null}},"type":"if","locations":[{"start":{"line":569,"column":4},"end":{"line":569,"column":null}},{"start":{},"end":{}}],"line":569},"49":{"loc":{"start":{"line":572,"column":17},"end":{"line":572,"column":null}},"type":"cond-expr","locations":[{"start":{"line":572,"column":29},"end":{"line":572,"column":40}},{"start":{"line":572,"column":40},"end":{"line":572,"column":null}}],"line":572},"50":{"loc":{"start":{"line":574,"column":4},"end":{"line":583,"column":null}},"type":"if","locations":[{"start":{"line":574,"column":4},"end":{"line":583,"column":null}},{"start":{},"end":{}}],"line":574},"51":{"loc":{"start":{"line":576,"column":43},"end":{"line":576,"column":105}},"type":"cond-expr","locations":[{"start":{"line":576,"column":65},"end":{"line":576,"column":104}},{"start":{"line":576,"column":104},"end":{"line":576,"column":105}}],"line":576},"52":{"loc":{"start":{"line":617,"column":41},"end":{"line":617,"column":103}},"type":"cond-expr","locations":[{"start":{"line":617,"column":63},"end":{"line":617,"column":102}},{"start":{"line":617,"column":102},"end":{"line":617,"column":103}}],"line":617},"53":{"loc":{"start":{"line":631,"column":8},"end":{"line":633,"column":null}},"type":"cond-expr","locations":[{"start":{"line":632,"column":12},"end":{"line":632,"column":null}},{"start":{"line":633,"column":12},"end":{"line":633,"column":null}}],"line":631},"54":{"loc":{"start":{"line":631,"column":8},"end":{"line":631,"column":null}},"type":"binary-expr","locations":[{"start":{"line":631,"column":8},"end":{"line":631,"column":39}},{"start":{"line":631,"column":39},"end":{"line":631,"column":null}}],"line":631},"55":{"loc":{"start":{"line":665,"column":27},"end":{"line":665,"column":null}},"type":"binary-expr","locations":[{"start":{"line":665,"column":27},"end":{"line":665,"column":62}},{"start":{"line":665,"column":62},"end":{"line":665,"column":null}}],"line":665},"56":{"loc":{"start":{"line":666,"column":27},"end":{"line":666,"column":null}},"type":"binary-expr","locations":[{"start":{"line":666,"column":27},"end":{"line":666,"column":62}},{"start":{"line":666,"column":62},"end":{"line":666,"column":null}}],"line":666},"57":{"loc":{"start":{"line":671,"column":4},"end":{"line":671,"column":null}},"type":"if","locations":[{"start":{"line":671,"column":4},"end":{"line":671,"column":null}},{"start":{},"end":{}}],"line":671},"58":{"loc":{"start":{"line":672,"column":4},"end":{"line":672,"column":null}},"type":"if","locations":[{"start":{"line":672,"column":4},"end":{"line":672,"column":null}},{"start":{},"end":{}}],"line":672},"59":{"loc":{"start":{"line":672,"column":8},"end":{"line":672,"column":42}},"type":"binary-expr","locations":[{"start":{"line":672,"column":8},"end":{"line":672,"column":26}},{"start":{"line":672,"column":26},"end":{"line":672,"column":42}}],"line":672},"60":{"loc":{"start":{"line":673,"column":4},"end":{"line":673,"column":null}},"type":"if","locations":[{"start":{"line":673,"column":4},"end":{"line":673,"column":null}},{"start":{},"end":{}}],"line":673},"61":{"loc":{"start":{"line":673,"column":8},"end":{"line":673,"column":59}},"type":"binary-expr","locations":[{"start":{"line":673,"column":8},"end":{"line":673,"column":26}},{"start":{"line":673,"column":26},"end":{"line":673,"column":44}},{"start":{"line":673,"column":44},"end":{"line":673,"column":59}}],"line":673},"62":{"loc":{"start":{"line":674,"column":4},"end":{"line":674,"column":null}},"type":"if","locations":[{"start":{"line":674,"column":4},"end":{"line":674,"column":null}},{"start":{},"end":{}}],"line":674},"63":{"loc":{"start":{"line":677,"column":26},"end":{"line":677,"column":68}},"type":"binary-expr","locations":[{"start":{"line":677,"column":26},"end":{"line":677,"column":60}},{"start":{"line":677,"column":60},"end":{"line":677,"column":68}}],"line":677},"64":{"loc":{"start":{"line":678,"column":25},"end":{"line":678,"column":67}},"type":"binary-expr","locations":[{"start":{"line":678,"column":25},"end":{"line":678,"column":59}},{"start":{"line":678,"column":59},"end":{"line":678,"column":67}}],"line":678},"65":{"loc":{"start":{"line":679,"column":25},"end":{"line":679,"column":67}},"type":"binary-expr","locations":[{"start":{"line":679,"column":25},"end":{"line":679,"column":59}},{"start":{"line":679,"column":59},"end":{"line":679,"column":67}}],"line":679},"66":{"loc":{"start":{"line":689,"column":10},"end":{"line":689,"column":null}},"type":"binary-expr","locations":[{"start":{"line":689,"column":10},"end":{"line":689,"column":35}},{"start":{"line":689,"column":35},"end":{"line":689,"column":null}}],"line":689},"67":{"loc":{"start":{"line":690,"column":10},"end":{"line":697,"column":null}},"type":"binary-expr","locations":[{"start":{"line":690,"column":10},"end":{"line":690,"column":32}},{"start":{"line":690,"column":32},"end":{"line":697,"column":null}}],"line":690},"68":{"loc":{"start":{"line":698,"column":22},"end":{"line":698,"column":null}},"type":"cond-expr","locations":[{"start":{"line":698,"column":33},"end":{"line":698,"column":37}},{"start":{"line":698,"column":37},"end":{"line":698,"column":null}}],"line":698},"69":{"loc":{"start":{"line":698,"column":37},"end":{"line":698,"column":null}},"type":"cond-expr","locations":[{"start":{"line":698,"column":55},"end":{"line":698,"column":59}},{"start":{"line":698,"column":59},"end":{"line":698,"column":null}}],"line":698},"70":{"loc":{"start":{"line":732,"column":8},"end":{"line":733,"column":null}},"type":"binary-expr","locations":[{"start":{"line":732,"column":8},"end":{"line":732,"column":null}},{"start":{"line":733,"column":8},"end":{"line":733,"column":null}}],"line":732},"71":{"loc":{"start":{"line":745,"column":16},"end":{"line":745,"column":null}},"type":"cond-expr","locations":[{"start":{"line":745,"column":32},"end":{"line":745,"column":43}},{"start":{"line":745,"column":43},"end":{"line":745,"column":null}}],"line":745},"72":{"loc":{"start":{"line":751,"column":6},"end":{"line":788,"column":null}},"type":"if","locations":[{"start":{"line":751,"column":6},"end":{"line":788,"column":null}},{"start":{},"end":{}}],"line":751},"73":{"loc":{"start":{"line":752,"column":8},"end":{"line":753,"column":null}},"type":"binary-expr","locations":[{"start":{"line":752,"column":8},"end":{"line":752,"column":null}},{"start":{"line":753,"column":8},"end":{"line":753,"column":null}}],"line":752},"74":{"loc":{"start":{"line":757,"column":21},"end":{"line":757,"column":null}},"type":"cond-expr","locations":[{"start":{"line":757,"column":35},"end":{"line":757,"column":46}},{"start":{"line":757,"column":46},"end":{"line":757,"column":null}}],"line":757},"75":{"loc":{"start":{"line":758,"column":8},"end":{"line":787,"column":null}},"type":"if","locations":[{"start":{"line":758,"column":8},"end":{"line":787,"column":null}},{"start":{},"end":{}}],"line":758},"76":{"loc":{"start":{"line":782,"column":20},"end":{"line":782,"column":null}},"type":"cond-expr","locations":[{"start":{"line":782,"column":59},"end":{"line":782,"column":71}},{"start":{"line":782,"column":71},"end":{"line":782,"column":null}}],"line":782},"77":{"loc":{"start":{"line":830,"column":4},"end":{"line":848,"column":null}},"type":"if","locations":[{"start":{"line":830,"column":4},"end":{"line":848,"column":null}},{"start":{},"end":{}}],"line":830}},"s":{"0":3,"1":3,"2":3,"3":3,"4":3,"5":3,"6":3,"7":3,"8":47,"9":95,"10":42,"11":5,"12":8,"13":8,"14":8,"15":60,"16":8,"17":8,"18":8,"19":8,"20":352,"21":8,"22":3,"23":1,"24":3,"25":0,"26":3,"27":0,"28":3,"29":0,"30":3,"31":306,"32":3,"33":18,"34":219,"35":97,"36":3,"37":3,"38":3,"39":0,"40":0,"41":0,"42":0,"43":0,"44":0,"45":5,"46":5,"47":1,"48":4,"49":4,"50":3,"51":3,"52":3,"53":7,"54":7,"55":7,"56":7,"57":3,"58":7,"59":2,"60":7,"61":1,"62":7,"63":7,"64":3,"65":3,"66":1,"67":2,"68":1,"69":1,"70":1,"71":1,"72":43,"73":43,"74":1,"75":42,"76":42,"77":43,"78":43,"79":43,"80":43,"81":43,"82":43,"83":43,"84":43,"85":43,"86":43,"87":43,"88":43,"89":43,"90":43,"91":43,"92":42,"93":43,"94":1,"95":36,"96":36,"97":2,"98":34,"99":2,"100":32,"101":36,"102":1,"103":1,"104":31,"105":39,"106":31,"107":31,"108":30,"109":30,"110":29,"111":29,"112":29,"113":29,"114":29,"115":29,"116":29,"117":29,"118":29,"119":29,"120":29,"121":29,"122":29,"123":29,"124":29,"125":36,"126":29,"127":45,"128":36,"129":36,"130":12,"131":12,"132":18,"133":12,"134":1,"135":11,"136":16,"137":11,"138":11,"139":16,"140":11,"141":11,"142":9,"143":9,"144":11,"145":9,"146":1,"147":8,"148":10,"149":8,"150":8,"151":10,"152":8,"153":8,"154":148,"155":148,"156":0,"157":0,"158":0,"159":0,"160":0,"161":0,"162":0,"163":0,"164":0,"165":0,"166":0,"167":0,"168":0,"169":0,"170":0,"171":0,"172":0,"173":0,"174":0,"175":0,"176":0,"177":0,"178":0,"179":0,"180":0,"181":0,"182":0,"183":0,"184":0,"185":0,"186":0,"187":0,"188":0,"189":0,"190":0,"191":0,"192":0,"193":0,"194":0,"195":0,"196":0,"197":0,"198":0,"199":0,"200":0,"201":0,"202":0,"203":0,"204":0,"205":0,"206":0,"207":0,"208":0,"209":0,"210":0,"211":0,"212":0,"213":0,"214":0,"215":0,"216":0,"217":0,"218":0,"219":0,"220":0,"221":0,"222":0,"223":0,"224":0,"225":0,"226":0,"227":0,"228":0,"229":0,"230":0,"231":0,"232":0,"233":0,"234":46,"235":46,"236":0,"237":0,"238":0,"239":0,"240":0,"241":0,"242":0,"243":0,"244":0,"245":0,"246":0,"247":0,"248":0,"249":0,"250":0,"251":0,"252":0,"253":0,"254":0,"255":0,"256":0,"257":0,"258":0,"259":0,"260":0,"261":0,"262":0,"263":0,"264":0,"265":0,"266":0,"267":0,"268":0,"269":0,"270":0,"271":0,"272":0,"273":0,"274":0,"275":0,"276":0,"277":0,"278":0,"279":0,"280":0,"281":0,"282":0,"283":0,"284":0,"285":0,"286":0,"287":0,"288":0,"289":0,"290":0,"291":0,"292":0,"293":0,"294":0,"295":0,"296":0,"297":0,"298":0,"299":0,"300":0,"301":0,"302":0,"303":0,"304":0,"305":0,"306":0,"307":0,"308":0,"309":0,"310":0,"311":383,"312":383,"313":383,"314":0},"f":{"0":47,"1":8,"2":1,"3":0,"4":0,"5":0,"6":306,"7":18,"8":219,"9":97,"10":3,"11":0,"12":0,"13":0,"14":0,"15":5,"16":7,"17":7,"18":3,"19":43,"20":42,"21":1,"22":36,"23":39,"24":29,"25":45,"26":12,"27":18,"28":16,"29":11,"30":16,"31":9,"32":11,"33":10,"34":8,"35":10,"36":148,"37":148,"38":0,"39":0,"40":0,"41":0,"42":0,"43":0,"44":0,"45":0,"46":0,"47":0,"48":0,"49":0,"50":0,"51":0,"52":0,"53":0,"54":0,"55":0,"56":0,"57":0,"58":0,"59":46,"60":0,"61":0,"62":0,"63":0,"64":383},"b":{"0":[42,53],"1":[95,79],"2":[306],"3":[1,4],"4":[5,2],"5":[1,3],"6":[3,4],"7":[7,6],"8":[2,5],"9":[7,6,3],"10":[1,6],"11":[7,6,3,1],"12":[1,2],"13":[3,1],"14":[1,1],"15":[2,2,2],"16":[1,42],"17":[42,2],"18":[43,2],"19":[43,2],"20":[2,34],"21":[36,35],"22":[2,32],"23":[34,33],"24":[1,31],"25":[1,35],"26":[1,30],"27":[1,29],"28":[29,0],"29":[36,0],"30":[29,16],"31":[1,11],"32":[16,0],"33":[1,8],"34":[10,0],"35":[148],"36":[148,148],"37":[0,0],"38":[0,0],"39":[0,0],"40":[0,0],"41":[0,0],"42":[0,0],"43":[0,0],"44":[0,0],"45":[0,0,0],"46":[0,0],"47":[0,0,0,0],"48":[0,0],"49":[0,0],"50":[0,0],"51":[0,0],"52":[0,0],"53":[0,0],"54":[0,0],"55":[0,0],"56":[0,0],"57":[0,0],"58":[0,0],"59":[0,0],"60":[0,0],"61":[0,0,0],"62":[0,0],"63":[0,0],"64":[0,0],"65":[0,0],"66":[0,0],"67":[0,0],"68":[0,0],"69":[0,0],"70":[0,0],"71":[0,0],"72":[0,0],"73":[0,0],"74":[0,0],"75":[0,0],"76":[0,0],"77":[383,0]},"meta":{"lastBranch":78,"lastFunction":65,"lastStatement":315,"seen":{"s:90:21:94:Infinity":0,"s:97:23:97:Infinity":1,"s:98:53:104:Infinity":2,"s:105:21:107:Infinity":3,"s:109:21:112:Infinity":4,"s:115:69:121:Infinity":5,"s:123:29:123:Infinity":6,"s:124:34:124:Infinity":7,"f:127:16:127:24":0,"s:128:2:130:Infinity":8,"b:129:4:129:Infinity:undefined:undefined:undefined:undefined":0,"s:129:4:129:Infinity":9,"b:129:8:129:26:129:26:129:42":1,"s:129:42:129:Infinity":10,"s:131:2:131:Infinity":11,"f:134:16:134:27":1,"s:135:10:135:Infinity":12,"s:136:2:136:Infinity":13,"s:136:15:136:18":14,"s:136:37:136:Infinity":15,"s:137:12:137:Infinity":16,"s:138:10:138:Infinity":17,"s:139:2:139:Infinity":18,"s:139:15:139:18":19,"s:139:31:139:Infinity":20,"s:140:2:140:Infinity":21,"s:143:25:143:Infinity":22,"f:143:25:143:31":2,"s:143:31:143:Infinity":23,"s:144:23:144:Infinity":24,"f:144:23:144:29":3,"s:144:29:144:Infinity":25,"s:145:24:145:Infinity":26,"f:145:24:145:30":4,"s:145:30:145:Infinity":27,"s:146:25:146:Infinity":28,"f:146:25:146:31":5,"s:146:31:146:Infinity":29,"s:148:25:152:Infinity":30,"f:148:25:148:26":6,"s:149:2:152:Infinity":31,"b:148:41:148:Infinity":2,"s:154:28:154:Infinity":32,"f:154:28:154:29":7,"s:154:52:154:Infinity":33,"s:156:16:157:Infinity":34,"f:156:16:156:Infinity":8,"s:159:16:163:Infinity":35,"f:159:16:159:Infinity":9,"s:230:25:230:Infinity":36,"s:232:13:851:Infinity":37,"f:232:64:232:65":10,"s:232:79:819:4":38,"f:267:12:267:18":11,"s:268:4:268:Infinity":39,"s:269:4:269:Infinity":40,"f:272:12:272:18":12,"s:273:4:273:Infinity":41,"s:274:4:274:Infinity":42,"f:277:14:277:20":13,"s:277:20:277:Infinity":43,"f:277:24:277:31":14,"s:277:31:277:66":44,"f:279:12:279:18":15,"s:280:29:280:Infinity":45,"b:281:4:281:Infinity:undefined:undefined:undefined:undefined":3,"s:281:4:281:Infinity":46,"b:281:8:281:29:281:29:281:50":4,"s:281:50:281:Infinity":47,"b:282:4:282:Infinity:undefined:undefined:undefined:undefined":5,"s:282:4:282:Infinity":48,"s:282:61:282:Infinity":49,"s:283:4:283:Infinity":50,"s:284:4:287:Infinity":51,"s:288:4:288:Infinity":52,"f:291:17:291:25":16,"s:292:4:299:Infinity":53,"f:292:8:292:14":17,"s:293:16:293:Infinity":54,"s:294:17:294:Infinity":55,"b:295:6:295:Infinity:undefined:undefined:undefined:undefined":6,"s:295:6:295:Infinity":56,"b:295:10:295:21:295:21:295:31":7,"s:295:31:295:Infinity":57,"b:296:6:296:Infinity:undefined:undefined:undefined:undefined":8,"s:296:6:296:Infinity":58,"b:296:10:296:21:296:21:296:32:296:32:296:42":9,"s:296:42:296:Infinity":59,"b:297:6:297:Infinity:undefined:undefined:undefined:undefined":10,"s:297:6:297:Infinity":60,"b:297:10:297:21:297:21:297:32:297:32:297:42:297:42:297:52":11,"s:297:52:297:Infinity":61,"s:298:6:298:Infinity":62,"s:300:4:300:Infinity":63,"f:303:18:303:24":18,"s:304:31:304:Infinity":64,"b:305:4:305:Infinity:undefined:undefined:undefined:undefined":12,"s:305:4:305:Infinity":65,"b:305:8:305:29:305:29:305:50":13,"s:305:50:305:Infinity":66,"b:306:4:306:Infinity:undefined:undefined:undefined:undefined":14,"s:306:4:306:Infinity":67,"b:306:8:306:27:306:27:306:46:306:46:306:62":15,"s:306:62:306:Infinity":68,"s:307:4:307:Infinity":69,"s:308:4:311:Infinity":70,"s:312:4:312:Infinity":71,"f:315:15:315:16":19,"s:316:15:316:Infinity":72,"b:317:4:317:Infinity:undefined:undefined:undefined:undefined":16,"s:317:4:317:Infinity":73,"s:317:26:317:Infinity":74,"s:318:19:318:Infinity":75,"s:319:17:319:Infinity":76,"b:319:17:319:29:319:29:319:Infinity":17,"s:320:19:320:Infinity":77,"b:320:19:320:33:320:33:320:Infinity":18,"s:321:17:321:Infinity":78,"b:321:17:321:29:321:29:321:Infinity":19,"s:322:15:322:Infinity":79,"s:323:15:323:Infinity":80,"s:324:15:324:Infinity":81,"s:325:15:325:Infinity":82,"s:326:18:326:Infinity":83,"s:327:17:327:Infinity":84,"s:328:21:328:Infinity":85,"s:329:17:329:Infinity":86,"s:330:17:330:Infinity":87,"s:331:17:331:Infinity":88,"s:332:17:332:Infinity":89,"s:334:25:334:Infinity":90,"s:335:4:347:Infinity":91,"f:335:8:335:17":20,"s:335:17:347:6":92,"s:348:4:351:Infinity":93,"f:354:18:354:24":21,"s:355:4:366:Infinity":94,"f:369:13:369:14":22,"s:370:15:370:Infinity":95,"b:371:4:371:Infinity:undefined:undefined:undefined:undefined":20,"s:371:4:371:Infinity":96,"b:371:8:371:21:371:21:371:33":21,"s:371:33:371:Infinity":97,"b:372:4:372:Infinity:undefined:undefined:undefined:undefined":22,"s:372:4:372:Infinity":98,"b:372:8:372:21:372:21:372:39":23,"s:372:39:372:Infinity":99,"s:375:17:375:Infinity":100,"b:375:29:375:40:375:40:375:Infinity":24,"b:376:4:379:Infinity:undefined:undefined:undefined:undefined":25,"s:376:4:379:Infinity":101,"s:377:6:377:Infinity":102,"s:378:6:378:Infinity":103,"s:381:21:381:Infinity":104,"f:381:39:381:44":23,"s:381:44:381:63":105,"b:382:4:382:Infinity:undefined:undefined:undefined:undefined":26,"s:382:4:382:Infinity":106,"s:382:19:382:Infinity":107,"b:383:4:383:Infinity:undefined:undefined:undefined:undefined":27,"s:383:4:383:Infinity":108,"s:383:39:383:Infinity":109,"s:384:18:384:Infinity":110,"s:385:21:385:Infinity":111,"s:386:21:386:Infinity":112,"s:387:21:387:Infinity":113,"s:388:19:388:Infinity":114,"s:389:15:389:39":115,"s:389:44:389:67":116,"s:389:72:389:Infinity":117,"s:390:23:390:Infinity":118,"s:391:18:391:Infinity":119,"s:392:17:392:Infinity":120,"s:393:17:393:Infinity":121,"s:394:17:394:Infinity":122,"s:395:17:395:Infinity":123,"s:397:22:401:Infinity":124,"b:398:38:398:56:398:56:398:85":28,"b:398:93:398:113:398:113:398:Infinity":29,"s:403:4:418:Infinity":125,"f:403:8:403:17":24,"s:403:17:418:6":126,"f:416:36:416:41":25,"s:416:41:416:103":127,"b:416:63:416:102:416:102:416:103":30,"s:420:4:423:Infinity":128,"s:425:4:425:Infinity":129,"f:428:17:428:23":26,"s:429:15:429:Infinity":130,"s:430:17:430:Infinity":131,"f:430:34:430:39":27,"s:430:39:430:63":132,"b:431:4:431:Infinity:undefined:undefined:undefined:undefined":31,"s:431:4:431:Infinity":133,"s:431:22:431:Infinity":134,"s:432:20:432:Infinity":135,"f:432:37:432:42":28,"s:432:42:432:46":136,"s:433:4:436:Infinity":137,"f:433:8:433:17":29,"s:433:17:436:6":138,"f:434:30:434:35":30,"s:434:35:434:119":139,"b:434:55:434:118:434:118:434:119":32,"s:437:4:437:Infinity":140,"s:438:4:438:Infinity":141,"f:441:16:441:22":31,"s:442:15:442:Infinity":142,"s:443:17:443:Infinity":143,"f:443:34:443:39":32,"s:443:39:443:62":144,"b:444:4:444:Infinity:undefined:undefined:undefined:undefined":33,"s:444:4:444:Infinity":145,"s:444:22:444:Infinity":146,"s:445:20:445:Infinity":147,"f:445:37:445:42":33,"s:445:42:445:46":148,"s:446:4:449:Infinity":149,"f:446:8:446:17":34,"s:446:17:449:6":150,"f:447:30:447:35":35,"s:447:35:447:117":151,"b:447:55:447:116:447:116:447:117":34,"s:450:4:453:Infinity":152,"s:454:4:454:Infinity":153,"f:457:10:457:11":36,"b:457:45:457:49":35,"s:458:4:462:Infinity":154,"f:458:8:458:17":37,"s:458:17:462:6":155,"b:460:23:460:38:460:38:460:Infinity":36,"f:465:23:465:31":38,"s:465:31:465:Infinity":156,"f:467:22:467:31":39,"s:467:31:467:Infinity":157,"f:469:23:469:31":40,"s:470:24:479:Infinity":158,"b:480:4:486:Infinity:483:11:486:Infinity":37,"s:480:4:486:Infinity":159,"s:481:6:481:Infinity":160,"s:482:6:482:Infinity":161,"s:484:6:484:Infinity":162,"s:485:6:485:Infinity":163,"f:491:19:491:20":41,"s:492:23:492:Infinity":164,"s:493:4:500:Infinity":165,"b:496:10:496:30:496:30:496:Infinity":38,"b:497:10:497:29:497:29:497:Infinity":39,"b:498:10:498:29:498:29:498:Infinity":40,"b:499:10:499:33:499:33:499:Infinity":41,"s:501:4:505:Infinity":166,"f:508:18:508:19":42,"s:509:4:516:Infinity":167,"f:509:8:509:14":43,"s:510:16:510:Infinity":168,"s:511:17:511:Infinity":169,"b:512:6:512:Infinity:undefined:undefined:undefined:undefined":42,"s:512:6:512:Infinity":170,"b:512:10:512:21:512:21:512:31":43,"s:512:31:512:Infinity":171,"b:513:6:513:Infinity:undefined:undefined:undefined:undefined":44,"s:513:6:513:Infinity":172,"b:513:10:513:21:513:21:513:32:513:32:513:42":45,"s:513:42:513:Infinity":173,"b:514:6:514:Infinity:undefined:undefined:undefined:undefined":46,"s:514:6:514:Infinity":174,"b:514:10:514:21:514:21:514:32:514:32:514:42:514:42:514:52":47,"s:514:52:514:Infinity":175,"s:515:6:515:Infinity":176,"s:517:4:520:Infinity":177,"f:523:19:523:20":44,"s:524:4:524:Infinity":178,"s:525:4:528:Infinity":179,"f:531:22:531:23":45,"s:532:15:532:Infinity":180,"s:533:15:533:Infinity":181,"s:534:15:534:Infinity":182,"s:535:15:535:Infinity":183,"s:536:15:536:Infinity":184,"s:537:18:537:Infinity":185,"s:538:17:538:Infinity":186,"s:539:21:539:Infinity":187,"s:540:17:540:Infinity":188,"s:541:17:541:Infinity":189,"s:542:17:542:Infinity":190,"s:543:17:543:Infinity":191,"s:545:25:545:Infinity":192,"s:546:4:558:Infinity":193,"f:546:8:546:17":46,"s:546:17:558:6":194,"s:559:4:563:Infinity":195,"f:566:18:566:19":47,"s:567:15:567:Infinity":196,"s:568:21:568:Infinity":197,"f:568:39:568:44":48,"s:568:44:568:63":198,"b:569:4:569:Infinity:undefined:undefined:undefined:undefined":48,"s:569:4:569:Infinity":199,"s:569:19:569:Infinity":200,"s:572:17:572:Infinity":201,"b:572:29:572:40:572:40:572:Infinity":49,"b:574:4:583:Infinity:undefined:undefined:undefined:undefined":50,"s:574:4:583:Infinity":202,"s:575:6:577:Infinity":203,"f:575:10:575:19":49,"s:575:19:577:8":204,"f:576:38:576:43":50,"s:576:43:576:105":205,"b:576:65:576:104:576:104:576:105":51,"s:578:6:581:Infinity":206,"s:582:6:582:Infinity":207,"s:585:18:585:Infinity":208,"s:586:21:586:Infinity":209,"s:587:21:587:Infinity":210,"s:588:21:588:Infinity":211,"s:589:19:589:Infinity":212,"s:590:15:590:39":213,"s:590:44:590:67":214,"s:590:72:590:Infinity":215,"s:591:23:591:Infinity":216,"s:592:18:592:Infinity":217,"s:593:17:593:Infinity":218,"s:594:17:594:Infinity":219,"s:595:17:595:Infinity":220,"s:596:17:596:Infinity":221,"s:598:22:602:Infinity":222,"s:604:4:619:Infinity":223,"f:604:8:604:17":51,"s:604:17:619:6":224,"f:617:36:617:41":52,"s:617:41:617:103":225,"b:617:63:617:102:617:102:617:103":52,"s:621:4:625:Infinity":226,"f:628:17:628:18":53,"s:629:4:636:Infinity":227,"f:629:8:629:17":54,"s:629:17:636:6":228,"f:630:30:630:Infinity":55,"s:631:8:633:Infinity":229,"b:632:12:632:Infinity:633:12:633:Infinity":53,"b:631:8:631:39:631:39:631:Infinity":54,"s:637:4:640:Infinity":230,"f:643:15:643:21":56,"s:643:21:643:Infinity":231,"f:643:25:643:32":57,"s:643:32:643:74":232,"f:644:19:644:31":58,"s:644:31:644:Infinity":233,"f:646:12:646:18":59,"s:647:4:659:Infinity":234,"s:660:4:660:Infinity":235,"f:663:23:663:24":60,"s:664:21:664:Infinity":236,"s:665:27:665:Infinity":237,"b:665:27:665:62:665:62:665:Infinity":55,"s:666:27:666:Infinity":238,"b:666:27:666:62:666:62:666:Infinity":56,"s:667:26:667:Infinity":239,"s:668:21:668:Infinity":240,"s:670:22:670:Infinity":241,"b:671:4:671:Infinity:undefined:undefined:undefined:undefined":57,"s:671:4:671:Infinity":242,"s:671:24:671:Infinity":243,"b:672:4:672:Infinity:undefined:undefined:undefined:undefined":58,"s:672:4:672:Infinity":244,"b:672:8:672:26:672:26:672:42":59,"s:672:42:672:Infinity":245,"b:673:4:673:Infinity:undefined:undefined:undefined:undefined":60,"s:673:4:673:Infinity":246,"b:673:8:673:26:673:26:673:44:673:44:673:59":61,"s:673:59:673:Infinity":247,"b:674:4:674:Infinity:undefined:undefined:undefined:undefined":62,"s:674:4:674:Infinity":248,"s:674:18:674:Infinity":249,"s:676:30:680:Infinity":250,"b:677:26:677:60:677:60:677:68":63,"b:678:25:678:59:678:59:678:67":64,"b:679:25:679:59:679:59:679:67":65,"s:682:4:699:Infinity":251,"b:689:10:689:35:689:35:689:Infinity":66,"b:690:10:690:32:690:32:697:Infinity":67,"b:698:33:698:37:698:37:698:Infinity":68,"b:698:55:698:59:698:59:698:Infinity":69,"f:702:31:702:32":61,"s:703:15:703:Infinity":252,"s:704:15:704:Infinity":253,"s:705:15:705:Infinity":254,"s:706:15:706:Infinity":255,"s:707:18:707:Infinity":256,"s:708:17:708:Infinity":257,"s:711:15:711:Infinity":258,"s:712:21:712:Infinity":259,"s:713:19:713:Infinity":260,"s:714:19:714:Infinity":261,"s:715:19:715:Infinity":262,"s:716:19:716:Infinity":263,"s:718:21:722:Infinity":264,"f:718:21:718:22":62,"s:719:6:722:Infinity":265,"s:724:34:724:Infinity":266,"s:725:28:725:Infinity":267,"s:726:25:726:Infinity":268,"s:728:4:789:Infinity":269,"s:729:16:729:Infinity":270,"s:730:17:730:Infinity":271,"s:732:8:733:Infinity":272,"b:732:8:732:Infinity:733:8:733:Infinity":70,"s:734:19:734:Infinity":273,"s:736:27:747:Infinity":274,"b:745:32:745:43:745:43:745:Infinity":71,"s:748:6:748:Infinity":275,"b:751:6:788:Infinity:undefined:undefined:undefined:undefined":72,"s:751:6:788:Infinity":276,"b:752:8:752:Infinity:753:8:753:Infinity":73,"s:755:8:755:Infinity":277,"s:756:22:756:Infinity":278,"s:757:21:757:Infinity":279,"b:757:35:757:46:757:46:757:Infinity":74,"b:758:8:787:Infinity:undefined:undefined:undefined:undefined":75,"s:758:8:787:Infinity":280,"s:759:25:759:Infinity":281,"s:760:23:760:36":282,"s:760:43:760:56":283,"s:760:63:760:Infinity":284,"s:761:22:761:36":285,"s:761:42:761:56":286,"s:761:62:761:Infinity":287,"s:762:24:762:Infinity":288,"s:763:25:763:Infinity":289,"s:764:25:764:Infinity":290,"s:765:25:765:Infinity":291,"s:766:25:766:Infinity":292,"s:767:25:767:Infinity":293,"s:769:28:785:Infinity":294,"b:782:59:782:71:782:71:782:Infinity":76,"s:786:10:786:Infinity":295,"s:792:21:792:Infinity":296,"s:793:4:798:Infinity":297,"s:794:6:794:Infinity":298,"s:795:6:795:Infinity":299,"s:796:6:796:Infinity":300,"s:797:6:797:Infinity":301,"s:799:4:804:Infinity":302,"s:800:6:800:Infinity":303,"s:801:6:801:Infinity":304,"s:802:6:802:Infinity":305,"s:803:6:803:Infinity":306,"s:806:25:806:Infinity":307,"s:807:23:807:Infinity":308,"f:807:37:807:38":63,"s:807:47:807:61":309,"s:809:4:817:Infinity":310,"f:821:15:821:25":64,"s:822:19:829:Infinity":311,"b:830:4:848:Infinity:undefined:undefined:undefined:undefined":77,"s:830:4:848:Infinity":312,"s:831:6:847:Infinity":313,"s:849:4:849:Infinity":314}}}
}
